#
# A fatal error has been detected by the Java Runtime Environment:
#
#  EXCEPTION_ACCESS_VIOLATION (0xc0000005) at pc=0x00007fff7b223004, pid=24800, tid=23168
#
# JRE version: OpenJDK Runtime Environment (24.0+36) (build 24+36-3646)
# Java VM: OpenJDK 64-Bit Server VM (24+36-3646, mixed mode, sharing, tiered, compressed oops, compressed class ptrs, g1 gc, windows-amd64)
# Problematic frame:
# C  [libasyncProfiler.dll+0x93004]
#
# No core dump will be written. Minidumps are not enabled by default on client versions of Windows
#
# JFR recording file will be written. Location: C:\Users\Andrea\IdeaProjects\CarritoDeCompras\hs_err_pid24800.jfr
#
# If you would like to submit a bug report, please visit:
#   https://bugreport.java.com/bugreport/crash.jsp
# The crash happened outside the Java Virtual Machine in native code.
# See problematic frame for where to report the bug.
#

---------------  S U M M A R Y ------------

Command Line: -javaagent:C:\Program Files\JetBrains\IntelliJ IDEA 2024.3.5\lib\idea_rt.jar=60610 -agentpath:C:\Users\Andrea\AppData\Local\Temp\idea_libasyncProfiler_dll_temp_folder1\libasyncProfiler.dll=start,jfr,event=wall,interval=10ms,jfrsync=profile,cstack=no,file=C:\Users\Andrea\IdeaSnapshots\Main_2025_07_17_212002.jfr,dbghelppath=C:\Users\Andrea\AppData\Local\Temp\idea_dbghelp_dll_temp_folder1\dbghelp.dll,log=C:\Users\Andrea\AppData\Local\Temp\Main_2025_07_17_212002.jfr.log.txt,logLevel=DEBUG -Dfile.encoding=UTF-8 -Dsun.stdout.encoding=UTF-8 -Dsun.stderr.encoding=UTF-8 ec.edu.ups.Main

Host: AMD Ryzen 3 3250U with Radeon Graphics         , 4 cores, 17G,  Windows 11 , 64 bit Build 26100 (10.0.26100.4484)
Time: Thu Jul 17 21:20:03 2025 Hora est. Pacífico, Sudamérica elapsed time: 0.827843 seconds (0d 0h 0m 0s)

---------------  T H R E A D  ---------------

Current thread (0x000002425d0671e0):  JavaThread "main"             [_thread_in_native, id=23168, stack(0x000000aa84500000,0x000000aa84600000) (1024K)]

Stack: [0x000000aa84500000,0x000000aa84600000],  sp=0x000000aa845fea00,  free space=1018k
Native frames: (J=compiled Java code, j=interpreted, Vv=VM code, C=native code)
C  [libasyncProfiler.dll+0x93004]  (no source info available)
C  [libasyncProfiler.dll+0x934db]  (no source info available)
C  [libasyncProfiler.dll+0x92134]  (no source info available)
C  [libasyncProfiler.dll+0x929aa]  (no source info available)
C  [libasyncProfiler.dll+0x8d561]  (no source info available)
C  [libasyncProfiler.dll+0x7ef21]  (no source info available)
C  [libasyncProfiler.dll+0x7dc38]  (no source info available)
C  [libasyncProfiler.dll+0x7db20]  (no source info available)
C  [libasyncProfiler.dll+0x83c3c]  (no source info available)
V  [jvm.dll+0x5e3a5e]  (no source info available)
V  [jvm.dll+0x8861e6]  (no source info available)
V  [jvm.dll+0x49604e]  (no source info available)
V  [jvm.dll+0x497e21]  (no source info available)
C  [jli.dll+0x52a1]  (no source info available)
C  [ucrtbase.dll+0x37b0]  (no source info available)
C  [KERNEL32.DLL+0x2e8d7]  (no source info available)
C  [ntdll.dll+0x3c34c]  (no source info available)


siginfo: EXCEPTION_ACCESS_VIOLATION (0xc0000005), reading address 0xffffffffffffffff


Registers:
RAX=0x0000000000000010, RBX=0x0000000000000000, RCX=0xffffffffffffffff, RDX=0x007fff83702ff010
RSP=0x000000aa845fea00, RBP=0x000002424144d470, RSI=0x000000aa845feb70, RDI=0x000002424144d470
R8 =0x0000000000000042, R9 =0x00000006f3801ee8, R10=0x00007fff83979fc0, R11=0x0000000000000002
R12=0x000000aa845feb70, R13=0x000002425b1b3a20, R14=0x000002425d0675a8, R15=0x000002425d0675a8
RIP=0x00007fff7b223004, EFLAGS=0x0000000000010202

XMM[0]=0x0000000000000000 0x0000000000000000
XMM[1]=0x0000000000000000 0x0000000000000000
XMM[2]=0x0000000000000000 0x0000000000000000
XMM[3]=0x0000000000000000 0x0000000000000000
XMM[4]=0x0000000000000000 0x0000000000000000
XMM[5]=0x0000000000000000 0x0000000000000000
XMM[6]=0x0000000000000000 0x0000000000000000
XMM[7]=0x0000000000000000 0x0000000000000000
XMM[8]=0x0000000000000000 0x0000000000000000
XMM[9]=0x0000000000000000 0x0000000000000000
XMM[10]=0x0000000000000000 0x0000000000000000
XMM[11]=0x0000000000000000 0x0000000000000000
XMM[12]=0x0000000000000000 0x0000000000000000
XMM[13]=0x0000000000000000 0x0000000000000000
XMM[14]=0x0000000000000000 0x0000000000000000
XMM[15]=0x0000000000000000 0x0000000000000000
  MXCSR=0x00001fa0


Register to memory mapping:

RAX=0x0000000000000010 is an unknown value
RBX=0x0 is null
RCX=0xffffffffffffffff is an unknown value
RDX=0x007fff83702ff010 is an unknown value
RSP=0x000000aa845fea00 is pointing into the stack for thread: 0x000002425d0671e0
RBP=0x000002424144d470 points into unknown readable memory: 0x00000006f3801ee8 | e8 1e 80 f3 06 00 00 00
RSI=0x000000aa845feb70 is pointing into the stack for thread: 0x000002425d0671e0
RDI=0x000002424144d470 points into unknown readable memory: 0x00000006f3801ee8 | e8 1e 80 f3 06 00 00 00
R8 =0x0000000000000042 is an unknown value
R9 =0x00000006f3801ee8 is an oop: java.lang.Thread 
{0x00000006f3801ee8} - klass: 'java/lang/Thread' - flags: 

 - ---- fields (total size 14 words):
 - 'threadLocalRandomProbe' 'I' @12  0 (0x00000000)
 - private volatile 'eetop' 'J' @16  2484051800544 (0x000002425d0671e0)
 - private final 'tid' 'J' @24  3 (0x0000000000000003)
 - 'threadLocalRandomSeed' 'J' @32  0 (0x0000000000000000)
 - injected 'jvmti_thread_state' 'J' @40  2483582310320 (0x00000242410a97b0)
 - 'threadLocalRandomSecondarySeed' 'I' @48  0 (0x00000000)
 - injected 'jvmti_VTMS_transition_disable_count' 'I' @52  0 (0x00000000)
 - injected 'jfr_epoch' 'S' @56  0 (0x0000)
 - volatile 'interrupted' 'Z' @58  false (0x00)
 - injected 'jvmti_is_in_VTMS_transition' 'Z' @59  false (0x00)
 - private volatile 'name' 'Ljava/lang/String;' @60  "main"{0x00000006f3801f58} (0xde7003eb)
 - private volatile 'contextClassLoader' 'Ljava/lang/ClassLoader;' @64  a 'jdk/internal/loader/ClassLoaders$AppClassLoader'{0x00000006f3815a78} (0xde702b4f)
 - private final 'holder' 'Ljava/lang/Thread$FieldHolder;' @68  a 'java/lang/Thread$FieldHolder'{0x00000006f3801f98} (0xde7003f3)
 - 'threadLocals' 'Ljava/lang/ThreadLocal$ThreadLocalMap;' @72  a 'java/lang/ThreadLocal$ThreadLocalMap'{0x00000006f3ae3078} (0xde75c60f)
 - 'inheritableThreadLocals' 'Ljava/lang/ThreadLocal$ThreadLocalMap;' @76  null (0x00000000)
 - private 'scopedValueBindings' 'Ljava/lang/Object;' @80  a 'java/lang/Class'{0x00000007ffc7c280} = 'java/lang/Thread' (0xfff8f850)
 - final 'interruptLock' 'Ljava/lang/Object;' @84  a 'java/lang/Object'{0x00000006f3801f88} (0xde7003f1)
 - private volatile 'parkBlocker' 'Ljava/lang/Object;' @88  null (0x00000000)
 - private 'nioBlocker' 'Lsun/nio/ch/Interruptible;' @92  null (0x00000000)
 - private 'cont' 'Ljdk/internal/vm/Continuation;' @96  null (0x00000000)
 - private volatile 'uncaughtExceptionHandler' 'Ljava/lang/Thread$UncaughtExceptionHandler;' @100  null (0x00000000)
 - private 'container' 'Ljdk/internal/vm/ThreadContainer;' @104  null (0x00000000)
 - private volatile 'headStackableScopes' 'Ljdk/internal/vm/StackableScope;' @108  null (0x00000000)
R10=0x00007fff83979fc0 jvm.dll
R11=0x0000000000000002 is an unknown value
R12=0x000000aa845feb70 is pointing into the stack for thread: 0x000002425d0671e0
R13=0x000002425b1b3a20 points into unknown readable memory: 0x00007fff838ea510 | 10 a5 8e 83 ff 7f 00 00
R14=0x000002425d0675a8 points into unknown readable memory: 0x00007fff838e17b0 | b0 17 8e 83 ff 7f 00 00
R15=0x000002425d0675a8 points into unknown readable memory: 0x00007fff838e17b0 | b0 17 8e 83 ff 7f 00 00

Top of Stack: (sp=0x000000aa845fea00)
0x000000aa845fea00:   000000aa845feb70 000002424144d470   p._.....p.DAB...
0x000000aa845fea10:   0000000000000000 000002425d55eb10   ..........U]B...
0x000000aa845fea20:   0000000000000019 00007fff7b2234db   .........4"{....
0x000000aa845fea30:   0000000000000000 000002425d0675a8   .........u.]B...
0x000000aa845fea40:   000000aa845feb01 0000000000000000   .._.............
0x000000aa845fea50:   0000024241740f10 00007fff7b222134   ..tAB...4!"{....
0x000000aa845fea60:   0000000000000000 0000000000000019   ................
0x000000aa845fea70:   0000000000000000 0000000000000019   ................
0x000000aa845fea80:   0000000900000002 0000024246bd6e70   ........pn.FB...
0x000000aa845fea90:   0000024241740f10 0000024241740f74   ..tAB...t.tAB...
0x000000aa845feaa0:   0000024241740f80 00000000000029c4   ..tAB....)......
0x000000aa845feab0:   0000000000000000 0000000000000000   ................
0x000000aa845feac0:   0000000000000000 00007fff831458e4   .........X......
0x000000aa845fead0:   00007fff7b37ae00 00000000000060e0   ..7{.....`......
0x000000aa845feae0:   00007fff7b37ae00 00000000ffffffff   ..7{............
0x000000aa845feaf0:   0000000000000000 00007fff7b2229aa   .........)"{....
0x000000aa845feb00:   000002425d0675a8 0000000000000000   .u.]B...........
0x000000aa845feb10:   000000aa845feb79 000002425b1b3a20   y._..... :.[B...
0x000000aa845feb20:   00000242000021b4 0000000000000000   .!..B...........
0x000000aa845feb30:   0000000000000000 00007ffffefdf559   ........Y.......
0x000000aa845feb40:   000002425d0675a8 00007fff7b37ae00   .u.]B.....7{....
0x000000aa845feb50:   0000000000000000 00007fff7b2bbc53   ........S.+{....
0x000000aa845feb60:   0000000000000000 000002425d0675a8   .........u.]B...
0x000000aa845feb70:   00000242412eb8e0 00000242412ebc00   ...AB......AB...
0x000000aa845feb80:   00000242412ebc00 00007fff7b37ae00   ...AB.....7{....
0x000000aa845feb90:   000002425d4b3988 000000aa845fed08   .9K]B....._.....
0x000000aa845feba0:   000000aa845fee40 0000000000008840   @._.....@.......
0x000000aa845febb0:   00007fff7b36d080 00007fff7b37ae50   ..6{....P.7{....
0x000000aa845febc0:   0000000000989680 0000000000989680   ................
0x000000aa845febd0:   000000aa845fece0 00007fff7b21d561   .._.....a.!{....
0x000000aa845febe0:   00007fff7b37ae00 00007fff7b37ae58   ..7{....X.7{....
0x000000aa845febf0:   00007fff00000000 0047844200000001   ............B.G.

Instructions: (pc=0x00007fff7b223004)
  0x00007fff7b222f04:   cc cc cc cc cc cc cc cc cc cc cc cc cc cc cc cc
  0x00007fff7b222f14:   cc cc cc cc cc cc cc cc cc cc cc cc cc cc cc cc
  0x00007fff7b222f24:   cc cc cc cc cc cc cc cc cc cc cc cc cc cc cc cc
  0x00007fff7b222f34:   cc cc cc cc cc cc cc cc cc cc cc cc cc cc cc cc
  0x00007fff7b222f44:   cc cc cc cc cc cc cc cc cc cc cc cc cc cc cc cc
  0x00007fff7b222f54:   cc cc cc cc cc cc cc cc cc cc cc cc cc cc cc cc
  0x00007fff7b222f64:   cc cc cc cc cc cc cc cc cc cc cc cc cc cc cc cc
  0x00007fff7b222f74:   cc cc cc cc cc cc cc cc cc cc cc cc cc cc cc cc
  0x00007fff7b222f84:   cc cc cc cc cc cc cc cc cc cc cc cc 40 57 48 83
  0x00007fff7b222f94:   ec 20 48 8b f9 48 8b 0d 30 80 15 00 48 85 c9 74
  0x00007fff7b222fa4:   20 48 8b 01 48 8d 54 24 38 41 b8 06 00 01 00 4c
  0x00007fff7b222fb4:   8b 48 30 41 ff d1 85 c0 75 07 48 8b 4c 24 38 eb
  0x00007fff7b222fc4:   02 33 c9 4c 8b 05 0a 81 15 00 48 89 5c 24 30 4d
  0x00007fff7b222fd4:   85 c0 74 4a 48 8b 01 48 8b d7 4c 8b 88 28 03 00
  0x00007fff7b222fe4:   00 41 ff d1 48 85 c0 74 35 48 63 0d b8 3d 15 00
  0x00007fff7b222ff4:   48 8b 14 01 48 85 d2 74 15 48 63 05 bc 3d 15 00
=>0x00007fff7b223004:   8b 04 10 48 8b 5c 24 30 48 83 c4 20 5f c3 b8 ff
  0x00007fff7b223014:   ff ff ff 48 8b 5c 24 30 48 83 c4 20 5f c3 80 3d
  0x00007fff7b223024:   bb 7f 15 00 00 bb ff ff ff ff 74 20 4c 8b 0d 51
  0x00007fff7b223034:   7c 15 00 4c 8d 44 24 38 48 8b 0d 35 7c 15 00 48
  0x00007fff7b223044:   8b d7 41 ff d1 85 c0 0f 44 5c 24 38 8b c3 48 8b
  0x00007fff7b223054:   5c 24 30 48 83 c4 20 5f c3 cc cc cc cc cc cc cc
  0x00007fff7b223064:   cc cc cc cc cc cc cc cc cc cc cc cc cc cc cc cc
  0x00007fff7b223074:   cc cc cc cc cc cc cc cc cc cc cc cc cc cc cc cc
  0x00007fff7b223084:   cc cc cc cc cc cc cc cc cc cc cc cc 48 89 54 24
  0x00007fff7b223094:   10 53 55 56 57 41 56 41 57 48 83 ec 28 48 8b f2
  0x00007fff7b2230a4:   4c 8b f1 48 89 4c 24 78 45 33 ff 44 89 7c 24 68
  0x00007fff7b2230b4:   c7 44 24 60 01 00 00 00 48 8d 4c 24 68 e8 69 3c
  0x00007fff7b2230c4:   f7 ff 8b d8 48 8d 4c 24 60 e8 5d 3c f7 ff 8b e8
  0x00007fff7b2230d4:   49 8b ce e8 33 f3 f6 ff 48 8b f8 90 8b c3 f0 0f
  0x00007fff7b2230e4:   b1 2f 74 04 f3 90 eb f4 4c 89 3e 4c 89 7e 08 4c
  0x00007fff7b2230f4:   89 7e 10 49 8b 6e 08 4d 8b 76 10 49 3b ee 0f 84


Stack slot to memory mapping:

stack at sp + 0 slots: 0x000000aa845feb70 is pointing into the stack for thread: 0x000002425d0671e0
stack at sp + 1 slots: 0x000002424144d470 points into unknown readable memory: 0x00000006f3801ee8 | e8 1e 80 f3 06 00 00 00
stack at sp + 2 slots: 0x0 is null
stack at sp + 3 slots: 0x000002425d55eb10 points into unknown readable memory: 0x6e616c2e6176616a | 6a 61 76 61 2e 6c 61 6e
stack at sp + 4 slots: 0x0000000000000019 is an unknown value
stack at sp + 5 slots: 0x00007fff7b2234db libasyncProfiler.dll
stack at sp + 6 slots: 0x0 is null
stack at sp + 7 slots: 0x000002425d0675a8 points into unknown readable memory: 0x00007fff838e17b0 | b0 17 8e 83 ff 7f 00 00

Lock stack of current Java thread (top to bottom):


---------------  P R O C E S S  ---------------

Threads class SMR info:
_java_thread_list=0x0000024241745a00, length=14, elements={
0x000002425d0671e0, 0x000002424108d160, 0x000002424108de90, 0x0000024241091510,
0x0000024241093e60, 0x00000242410966b0, 0x000002424109af30, 0x00000242410a7b60,
0x00000242410a8960, 0x000002424119a0c0, 0x0000024241337f50, 0x0000024241a77550,
0x0000024241c03e10, 0x0000024246c0fee0
}

Java Threads: ( => current thread )
=>0x000002425d0671e0 JavaThread "main"                              [_thread_in_native, id=23168, stack(0x000000aa84500000,0x000000aa84600000) (1024K)]
  0x000002424108d160 JavaThread "Reference Handler"          daemon [_thread_blocked, id=8392, stack(0x000000aa84d00000,0x000000aa84e00000) (1024K)]
  0x000002424108de90 JavaThread "Finalizer"                  daemon [_thread_blocked, id=17152, stack(0x000000aa84e00000,0x000000aa84f00000) (1024K)]
  0x0000024241091510 JavaThread "Signal Dispatcher"          daemon [_thread_blocked, id=15608, stack(0x000000aa84f00000,0x000000aa85000000) (1024K)]
  0x0000024241093e60 JavaThread "Attach Listener"            daemon [_thread_blocked, id=9968, stack(0x000000aa85000000,0x000000aa85100000) (1024K)]
  0x00000242410966b0 JavaThread "Service Thread"             daemon [_thread_blocked, id=22332, stack(0x000000aa85100000,0x000000aa85200000) (1024K)]
  0x000002424109af30 JavaThread "Monitor Deflation Thread"   daemon [_thread_blocked, id=15256, stack(0x000000aa85200000,0x000000aa85300000) (1024K)]
  0x00000242410a7b60 JavaThread "C2 CompilerThread0"         daemon [_thread_blocked, id=19200, stack(0x000000aa85300000,0x000000aa85400000) (1024K)]
  0x00000242410a8960 JavaThread "C1 CompilerThread0"         daemon [_thread_blocked, id=20632, stack(0x000000aa85400000,0x000000aa85500000) (1024K)]
  0x000002424119a0c0 JavaThread "Common-Cleaner"             daemon [_thread_blocked, id=4992, stack(0x000000aa85500000,0x000000aa85600000) (1024K)]
  0x0000024241337f50 JavaThread "Monitor Ctrl-Break"         daemon [_thread_in_native, id=4700, stack(0x000000aa85600000,0x000000aa85700000) (1024K)]
  0x0000024241a77550 JavaThread "C2 CompilerThread1"         daemon [_thread_blocked, id=19912, stack(0x000000aa85700000,0x000000aa85800000) (1024K)]
  0x0000024241c03e10 JavaThread "JFR Recorder Thread"        daemon [_thread_in_native, id=22872, stack(0x000000aa85800000,0x000000aa85900000) (1024K)]
  0x0000024246c0fee0 JavaThread "JFR Periodic Tasks"         daemon [_thread_blocked, id=10692, stack(0x000000aa85900000,0x000000aa85a00000) (1024K)]
Total: 14

Other Threads:
  0x000002425d2079c0 VMThread "VM Thread"                           [id=9308, stack(0x000000aa84c00000,0x000000aa84d00000) (1024K)]
  0x000002425d1f6d10 WatcherThread "VM Periodic Task Thread"        [id=19568, stack(0x000000aa84b00000,0x000000aa84c00000) (1024K)]
  0x000002425d0cfff0 WorkerThread "GC Thread#0"                     [id=24384, stack(0x000000aa84600000,0x000000aa84700000) (1024K)]
  0x000002425d0dc310 ConcurrentGCThread "G1 Main Marker"            [id=11500, stack(0x000000aa84700000,0x000000aa84800000) (1024K)]
  0x000002425d0dce20 WorkerThread "G1 Conc#0"                       [id=20324, stack(0x000000aa84800000,0x000000aa84900000) (1024K)]
  0x000002425d13bdf0 ConcurrentGCThread "G1 Refine#0"               [id=7892, stack(0x000000aa84900000,0x000000aa84a00000) (1024K)]
  0x000002425d13d820 ConcurrentGCThread "G1 Service"                [id=8700, stack(0x000000aa84a00000,0x000000aa84b00000) (1024K)]
Total: 7

Threads with active compile tasks:
Total: 0

VM state: not at safepoint (normal execution)

VM Mutex/Monitor currently owned by a thread: None

Heap address: 0x00000006e1c00000, size: 4580 MB, Compressed Oops mode: Zero based, Oop shift amount: 3

CDS archive(s) mapped at: [0x0000024200000000-0x0000024200d40000-0x0000024200d40000), size 13893632, SharedBaseAddress: 0x0000024200000000, ArchiveRelocationMode: 1.
Compressed class space mapped at: 0x0000024201000000-0x0000024241000000, reserved size: 1073741824
UseCompressedClassPointers 1, UseCompactObjectHeaders 0
Narrow klass pointer bits 32, Max shift 3
Narrow klass base: 0x0000024200000000, Narrow klass shift: 0
Encoding Range: [0x0000024200000000 - 0x0000024300000000), (4294967296 bytes)
Klass Range:    [0x0000024200000000 - 0x0000024241000000), (1090519040 bytes)
Klass ID Range:  [8 - 1090519033) (1090519025)

GC Precious Log:
 CardTable entry size: 512
 Card Set container configuration: InlinePtr #cards 4 size 8 Array Of Cards #cards 32 size 80 Howl #buckets 8 coarsen threshold 7372 Howl Bitmap #cards 1024 size 144 coarsen threshold 921 Card regions per heap region 1 cards per card region 8192
 CPUs: 4 total, 4 available
 Memory: 18308M
 Large Page Support: Disabled
 NUMA Support: Disabled
 Compressed Oops: Enabled (Zero based)
 Heap Region Size: 4M
 Heap Min Capacity: 8M
 Heap Initial Capacity: 288M
 Heap Max Capacity: 4580M
 Pre-touch: Disabled
 Parallel Workers: 4
 Concurrent Workers: 1
 Concurrent Refinement Workers: 4
 Periodic GC: Disabled

Heap:
 garbage-first heap   total reserved 4689920K, committed 299008K, used 17520K [0x00000006e1c00000, 0x0000000800000000)
  region size 4096K, 5 young (20480K), 0 survivors (0K)
 Metaspace       used 3438K, committed 3648K, reserved 1114112K
  class space    used 302K, committed 384K, reserved 1048576K

Heap Regions: E=young(eden), S=young(survivor), O=old, HS=humongous(starts), HC=humongous(continues), CS=collection set, F=free, TAMS=top-at-mark-start, PB=parsable bottom
|   0|0x00000006e1c00000, 0x00000006e1c00000, 0x00000006e2000000|  0%| F|  |TAMS 0x00000006e1c00000| PB 0x00000006e1c00000| Untracked |  0
|   1|0x00000006e2000000, 0x00000006e2000000, 0x00000006e2400000|  0%| F|  |TAMS 0x00000006e2000000| PB 0x00000006e2000000| Untracked |  0
|   2|0x00000006e2400000, 0x00000006e2400000, 0x00000006e2800000|  0%| F|  |TAMS 0x00000006e2400000| PB 0x00000006e2400000| Untracked |  0
|   3|0x00000006e2800000, 0x00000006e2800000, 0x00000006e2c00000|  0%| F|  |TAMS 0x00000006e2800000| PB 0x00000006e2800000| Untracked |  0
|   4|0x00000006e2c00000, 0x00000006e2c00000, 0x00000006e3000000|  0%| F|  |TAMS 0x00000006e2c00000| PB 0x00000006e2c00000| Untracked |  0
|   5|0x00000006e3000000, 0x00000006e3000000, 0x00000006e3400000|  0%| F|  |TAMS 0x00000006e3000000| PB 0x00000006e3000000| Untracked |  0
|   6|0x00000006e3400000, 0x00000006e3400000, 0x00000006e3800000|  0%| F|  |TAMS 0x00000006e3400000| PB 0x00000006e3400000| Untracked |  0
|   7|0x00000006e3800000, 0x00000006e3800000, 0x00000006e3c00000|  0%| F|  |TAMS 0x00000006e3800000| PB 0x00000006e3800000| Untracked |  0
|   8|0x00000006e3c00000, 0x00000006e3c00000, 0x00000006e4000000|  0%| F|  |TAMS 0x00000006e3c00000| PB 0x00000006e3c00000| Untracked |  0
|   9|0x00000006e4000000, 0x00000006e4000000, 0x00000006e4400000|  0%| F|  |TAMS 0x00000006e4000000| PB 0x00000006e4000000| Untracked |  0
|  10|0x00000006e4400000, 0x00000006e4400000, 0x00000006e4800000|  0%| F|  |TAMS 0x00000006e4400000| PB 0x00000006e4400000| Untracked |  0
|  11|0x00000006e4800000, 0x00000006e4800000, 0x00000006e4c00000|  0%| F|  |TAMS 0x00000006e4800000| PB 0x00000006e4800000| Untracked |  0
|  12|0x00000006e4c00000, 0x00000006e4c00000, 0x00000006e5000000|  0%| F|  |TAMS 0x00000006e4c00000| PB 0x00000006e4c00000| Untracked |  0
|  13|0x00000006e5000000, 0x00000006e5000000, 0x00000006e5400000|  0%| F|  |TAMS 0x00000006e5000000| PB 0x00000006e5000000| Untracked |  0
|  14|0x00000006e5400000, 0x00000006e5400000, 0x00000006e5800000|  0%| F|  |TAMS 0x00000006e5400000| PB 0x00000006e5400000| Untracked |  0
|  15|0x00000006e5800000, 0x00000006e5800000, 0x00000006e5c00000|  0%| F|  |TAMS 0x00000006e5800000| PB 0x00000006e5800000| Untracked |  0
|  16|0x00000006e5c00000, 0x00000006e5c00000, 0x00000006e6000000|  0%| F|  |TAMS 0x00000006e5c00000| PB 0x00000006e5c00000| Untracked |  0
|  17|0x00000006e6000000, 0x00000006e6000000, 0x00000006e6400000|  0%| F|  |TAMS 0x00000006e6000000| PB 0x00000006e6000000| Untracked |  0
|  18|0x00000006e6400000, 0x00000006e6400000, 0x00000006e6800000|  0%| F|  |TAMS 0x00000006e6400000| PB 0x00000006e6400000| Untracked |  0
|  19|0x00000006e6800000, 0x00000006e6800000, 0x00000006e6c00000|  0%| F|  |TAMS 0x00000006e6800000| PB 0x00000006e6800000| Untracked |  0
|  20|0x00000006e6c00000, 0x00000006e6c00000, 0x00000006e7000000|  0%| F|  |TAMS 0x00000006e6c00000| PB 0x00000006e6c00000| Untracked |  0
|  21|0x00000006e7000000, 0x00000006e7000000, 0x00000006e7400000|  0%| F|  |TAMS 0x00000006e7000000| PB 0x00000006e7000000| Untracked |  0
|  22|0x00000006e7400000, 0x00000006e7400000, 0x00000006e7800000|  0%| F|  |TAMS 0x00000006e7400000| PB 0x00000006e7400000| Untracked |  0
|  23|0x00000006e7800000, 0x00000006e7800000, 0x00000006e7c00000|  0%| F|  |TAMS 0x00000006e7800000| PB 0x00000006e7800000| Untracked |  0
|  24|0x00000006e7c00000, 0x00000006e7c00000, 0x00000006e8000000|  0%| F|  |TAMS 0x00000006e7c00000| PB 0x00000006e7c00000| Untracked |  0
|  25|0x00000006e8000000, 0x00000006e8000000, 0x00000006e8400000|  0%| F|  |TAMS 0x00000006e8000000| PB 0x00000006e8000000| Untracked |  0
|  26|0x00000006e8400000, 0x00000006e8400000, 0x00000006e8800000|  0%| F|  |TAMS 0x00000006e8400000| PB 0x00000006e8400000| Untracked |  0
|  27|0x00000006e8800000, 0x00000006e8800000, 0x00000006e8c00000|  0%| F|  |TAMS 0x00000006e8800000| PB 0x00000006e8800000| Untracked |  0
|  28|0x00000006e8c00000, 0x00000006e8c00000, 0x00000006e9000000|  0%| F|  |TAMS 0x00000006e8c00000| PB 0x00000006e8c00000| Untracked |  0
|  29|0x00000006e9000000, 0x00000006e9000000, 0x00000006e9400000|  0%| F|  |TAMS 0x00000006e9000000| PB 0x00000006e9000000| Untracked |  0
|  30|0x00000006e9400000, 0x00000006e9400000, 0x00000006e9800000|  0%| F|  |TAMS 0x00000006e9400000| PB 0x00000006e9400000| Untracked |  0
|  31|0x00000006e9800000, 0x00000006e9800000, 0x00000006e9c00000|  0%| F|  |TAMS 0x00000006e9800000| PB 0x00000006e9800000| Untracked |  0
|  32|0x00000006e9c00000, 0x00000006e9c00000, 0x00000006ea000000|  0%| F|  |TAMS 0x00000006e9c00000| PB 0x00000006e9c00000| Untracked |  0
|  33|0x00000006ea000000, 0x00000006ea000000, 0x00000006ea400000|  0%| F|  |TAMS 0x00000006ea000000| PB 0x00000006ea000000| Untracked |  0
|  34|0x00000006ea400000, 0x00000006ea400000, 0x00000006ea800000|  0%| F|  |TAMS 0x00000006ea400000| PB 0x00000006ea400000| Untracked |  0
|  35|0x00000006ea800000, 0x00000006ea800000, 0x00000006eac00000|  0%| F|  |TAMS 0x00000006ea800000| PB 0x00000006ea800000| Untracked |  0
|  36|0x00000006eac00000, 0x00000006eac00000, 0x00000006eb000000|  0%| F|  |TAMS 0x00000006eac00000| PB 0x00000006eac00000| Untracked |  0
|  37|0x00000006eb000000, 0x00000006eb000000, 0x00000006eb400000|  0%| F|  |TAMS 0x00000006eb000000| PB 0x00000006eb000000| Untracked |  0
|  38|0x00000006eb400000, 0x00000006eb400000, 0x00000006eb800000|  0%| F|  |TAMS 0x00000006eb400000| PB 0x00000006eb400000| Untracked |  0
|  39|0x00000006eb800000, 0x00000006eb800000, 0x00000006ebc00000|  0%| F|  |TAMS 0x00000006eb800000| PB 0x00000006eb800000| Untracked |  0
|  40|0x00000006ebc00000, 0x00000006ebc00000, 0x00000006ec000000|  0%| F|  |TAMS 0x00000006ebc00000| PB 0x00000006ebc00000| Untracked |  0
|  41|0x00000006ec000000, 0x00000006ec000000, 0x00000006ec400000|  0%| F|  |TAMS 0x00000006ec000000| PB 0x00000006ec000000| Untracked |  0
|  42|0x00000006ec400000, 0x00000006ec400000, 0x00000006ec800000|  0%| F|  |TAMS 0x00000006ec400000| PB 0x00000006ec400000| Untracked |  0
|  43|0x00000006ec800000, 0x00000006ec800000, 0x00000006ecc00000|  0%| F|  |TAMS 0x00000006ec800000| PB 0x00000006ec800000| Untracked |  0
|  44|0x00000006ecc00000, 0x00000006ecc00000, 0x00000006ed000000|  0%| F|  |TAMS 0x00000006ecc00000| PB 0x00000006ecc00000| Untracked |  0
|  45|0x00000006ed000000, 0x00000006ed000000, 0x00000006ed400000|  0%| F|  |TAMS 0x00000006ed000000| PB 0x00000006ed000000| Untracked |  0
|  46|0x00000006ed400000, 0x00000006ed400000, 0x00000006ed800000|  0%| F|  |TAMS 0x00000006ed400000| PB 0x00000006ed400000| Untracked |  0
|  47|0x00000006ed800000, 0x00000006ed800000, 0x00000006edc00000|  0%| F|  |TAMS 0x00000006ed800000| PB 0x00000006ed800000| Untracked |  0
|  48|0x00000006edc00000, 0x00000006edc00000, 0x00000006ee000000|  0%| F|  |TAMS 0x00000006edc00000| PB 0x00000006edc00000| Untracked |  0
|  49|0x00000006ee000000, 0x00000006ee000000, 0x00000006ee400000|  0%| F|  |TAMS 0x00000006ee000000| PB 0x00000006ee000000| Untracked |  0
|  50|0x00000006ee400000, 0x00000006ee400000, 0x00000006ee800000|  0%| F|  |TAMS 0x00000006ee400000| PB 0x00000006ee400000| Untracked |  0
|  51|0x00000006ee800000, 0x00000006ee800000, 0x00000006eec00000|  0%| F|  |TAMS 0x00000006ee800000| PB 0x00000006ee800000| Untracked |  0
|  52|0x00000006eec00000, 0x00000006eec00000, 0x00000006ef000000|  0%| F|  |TAMS 0x00000006eec00000| PB 0x00000006eec00000| Untracked |  0
|  53|0x00000006ef000000, 0x00000006ef000000, 0x00000006ef400000|  0%| F|  |TAMS 0x00000006ef000000| PB 0x00000006ef000000| Untracked |  0
|  54|0x00000006ef400000, 0x00000006ef400000, 0x00000006ef800000|  0%| F|  |TAMS 0x00000006ef400000| PB 0x00000006ef400000| Untracked |  0
|  55|0x00000006ef800000, 0x00000006ef800000, 0x00000006efc00000|  0%| F|  |TAMS 0x00000006ef800000| PB 0x00000006ef800000| Untracked |  0
|  56|0x00000006efc00000, 0x00000006efc00000, 0x00000006f0000000|  0%| F|  |TAMS 0x00000006efc00000| PB 0x00000006efc00000| Untracked |  0
|  57|0x00000006f0000000, 0x00000006f0000000, 0x00000006f0400000|  0%| F|  |TAMS 0x00000006f0000000| PB 0x00000006f0000000| Untracked |  0
|  58|0x00000006f0400000, 0x00000006f0400000, 0x00000006f0800000|  0%| F|  |TAMS 0x00000006f0400000| PB 0x00000006f0400000| Untracked |  0
|  59|0x00000006f0800000, 0x00000006f0800000, 0x00000006f0c00000|  0%| F|  |TAMS 0x00000006f0800000| PB 0x00000006f0800000| Untracked |  0
|  60|0x00000006f0c00000, 0x00000006f0c00000, 0x00000006f1000000|  0%| F|  |TAMS 0x00000006f0c00000| PB 0x00000006f0c00000| Untracked |  0
|  61|0x00000006f1000000, 0x00000006f1000000, 0x00000006f1400000|  0%| F|  |TAMS 0x00000006f1000000| PB 0x00000006f1000000| Untracked |  0
|  62|0x00000006f1400000, 0x00000006f1400000, 0x00000006f1800000|  0%| F|  |TAMS 0x00000006f1400000| PB 0x00000006f1400000| Untracked |  0
|  63|0x00000006f1800000, 0x00000006f1800000, 0x00000006f1c00000|  0%| F|  |TAMS 0x00000006f1800000| PB 0x00000006f1800000| Untracked |  0
|  64|0x00000006f1c00000, 0x00000006f1c00000, 0x00000006f2000000|  0%| F|  |TAMS 0x00000006f1c00000| PB 0x00000006f1c00000| Untracked |  0
|  65|0x00000006f2000000, 0x00000006f2000000, 0x00000006f2400000|  0%| F|  |TAMS 0x00000006f2000000| PB 0x00000006f2000000| Untracked |  0
|  66|0x00000006f2400000, 0x00000006f2400000, 0x00000006f2800000|  0%| F|  |TAMS 0x00000006f2400000| PB 0x00000006f2400000| Untracked |  0
|  67|0x00000006f2800000, 0x00000006f288f5e0, 0x00000006f2c00000| 14%| E|  |TAMS 0x00000006f2800000| PB 0x00000006f2800000| Complete |  0
|  68|0x00000006f2c00000, 0x00000006f3000000, 0x00000006f3000000|100%| E|CS|TAMS 0x00000006f2c00000| PB 0x00000006f2c00000| Complete |  0
|  69|0x00000006f3000000, 0x00000006f3400000, 0x00000006f3400000|100%| E|CS|TAMS 0x00000006f3000000| PB 0x00000006f3000000| Complete |  0
|  70|0x00000006f3400000, 0x00000006f3800000, 0x00000006f3800000|100%| E|CS|TAMS 0x00000006f3400000| PB 0x00000006f3400000| Complete |  0
|  71|0x00000006f3800000, 0x00000006f3c00000, 0x00000006f3c00000|100%| E|CS|TAMS 0x00000006f3800000| PB 0x00000006f3800000| Complete |  0
|1144|0x00000007ffc00000, 0x00000007ffd1c348, 0x0000000800000000| 27%| O|  |TAMS 0x00000007ffc00000| PB 0x00000007ffc00000| Untracked |  0

Card table byte_map: [0x0000024276280000,0x0000024276b80000] _byte_map_base: 0x0000024272b72000

Marking Bits: (CMBitMap*) 0x000002425d0d0700
 Bits: [0x0000024276b80000, 0x000002427b310000)

Polling page: 0x000002425b4f0000

Metaspace:

Usage:
  Non-class:      3.06 MB used.
      Class:    302.17 KB used.
       Both:      3.36 MB used.

Virtual space:
  Non-class space:       64.00 MB reserved,       3.19 MB (  5%) committed,  1 nodes.
      Class space:        1.00 GB reserved,     384.00 KB ( <1%) committed,  1 nodes.
             Both:        1.06 GB reserved,       3.56 MB ( <1%) committed. 

Chunk freelists:
   Non-Class:  11.93 MB
       Class:  15.59 MB
        Both:  27.51 MB

MaxMetaspaceSize: unlimited
CompressedClassSpaceSize: 1.00 GB
Initial GC threshold: 21.00 MB
Current GC threshold: 21.00 MB
CDS: on
 - commit_granule_bytes: 65536.
 - commit_granule_words: 8192.
 - virtual_space_node_default_size: 8388608.
 - enlarge_chunks_in_place: 1.
UseCompressedClassPointers 1, UseCompactObjectHeaders 0
Narrow klass pointer bits 32, Max shift 3
Narrow klass base: 0x0000024200000000, Narrow klass shift: 0
Encoding Range: [0x0000024200000000 - 0x0000024300000000), (4294967296 bytes)
Klass Range:    [0x0000024200000000 - 0x0000024241000000), (1090519040 bytes)
Klass ID Range:  [8 - 1090519033) (1090519025)


Internal statistics:

num_allocs_failed_limit: 0.
num_arena_births: 68.
num_arena_deaths: 0.
num_vsnodes_births: 2.
num_vsnodes_deaths: 0.
num_space_committed: 57.
num_space_uncommitted: 0.
num_chunks_returned_to_freelist: 0.
num_chunks_taken_from_freelist: 73.
num_chunk_merges: 0.
num_chunk_splits: 52.
num_chunks_enlarged: 33.
num_inconsistent_stats: 0.

CodeHeap 'non-profiled nmethods': size=120064Kb used=391Kb max_used=391Kb free=119672Kb
 bounds [0x000002426e000000, 0x000002426e270000, 0x0000024275540000]
CodeHeap 'profiled nmethods': size=120000Kb used=1654Kb max_used=1654Kb free=118345Kb
 bounds [0x0000024266540000, 0x00000242667b0000, 0x000002426da70000]
CodeHeap 'non-nmethods': size=5696Kb used=1274Kb max_used=1317Kb free=4421Kb
 bounds [0x000002426da70000, 0x000002426dce0000, 0x000002426e000000]
CodeCache: size=245760Kb, used=3319Kb, max_used=3362Kb, free=242438Kb
 total_blobs=1679, nmethods=1237, adapters=347, full_count=0
Compilation: enabled, stopped_count=0, restarted_count=0

Compilation events (20 events):
Event: 0.764 Thread 0x00000242410a8960 1229       3       jdk.jfr.internal.Control::apply (10 bytes)
Event: 0.764 Thread 0x00000242410a8960 nmethod 1229 0x00000242666da908 code [0x00000242666daa40, 0x00000242666dac50]
Event: 0.764 Thread 0x00000242410a8960 1230       3       jdk.jfr.internal.Control::findCombine (121 bytes)
Event: 0.764 Thread 0x0000024241a77550 nmethod 1220 0x000002426e060a08 code [0x000002426e060b20, 0x000002426e061128]
Event: 0.765 Thread 0x00000242410a8960 nmethod 1230 0x00000242666dac88 code [0x00000242666daea0, 0x00000242666dbea0]
Event: 0.765 Thread 0x00000242410a8960 1231       3       java.lang.String::endsWith (15 bytes)
Event: 0.765 Thread 0x00000242410a8960 nmethod 1231 0x00000242666dbf08 code [0x00000242666dc060, 0x00000242666dc628]
Event: 0.765 Thread 0x00000242410a8960 1232       3       java.lang.StringLatin1::getChar (9 bytes)
Event: 0.766 Thread 0x00000242410a8960 nmethod 1232 0x00000242666dc688 code [0x00000242666dc7a0, 0x00000242666dc8c0]
Event: 0.768 Thread 0x00000242410a8960 1233       1       jdk.jfr.internal.periodic.EventTask::getEventType (5 bytes)
Event: 0.768 Thread 0x00000242410a8960 nmethod 1233 0x000002426e061188 code [0x000002426e061280, 0x000002426e061348]
Event: 0.768 Thread 0x00000242410a8960 1234       3       jdk.jfr.internal.Logger::shouldLog (17 bytes)
Event: 0.768 Thread 0x00000242410a8960 nmethod 1234 0x00000242666dc988 code [0x00000242666dcaa0, 0x00000242666dcbe8]
Event: 0.768 Thread 0x00000242410a8960 1236       3       java.util.Comparator$$Lambda/0x0000024201073810::compare (10 bytes)
Event: 0.769 Thread 0x00000242410a8960 nmethod 1236 0x00000242666dcc88 code [0x00000242666dcde0, 0x00000242666dd270]
Event: 0.769 Thread 0x00000242410a8960 1237       3       java.util.Comparator::lambda$comparingLong$6043328a$1 (18 bytes)
Event: 0.769 Thread 0x00000242410a8960 nmethod 1237 0x00000242666dd308 code [0x00000242666dd460, 0x00000242666dd858]
Event: 0.769 Thread 0x00000242410a8960 1235       1       jdk.jfr.internal.periodic.PeriodicTask::getPeriod (5 bytes)
Event: 0.769 Thread 0x00000242410a8960 nmethod 1235 0x000002426e061488 code [0x000002426e061580, 0x000002426e061648]
Event: 0.771 Thread 0x00000242410a7b60 nmethod 1213 0x000002426e061788 code [0x000002426e0618a0, 0x000002426e061eb0]

GC Heap History (0 events):
No events

Dll operation events (9 events):
Event: 0.029 Loaded shared library C:\Users\Andrea\.jdks\openjdk-24\bin\java.dll
Event: 0.066 Loaded shared library C:\Users\Andrea\.jdks\openjdk-24\bin\jsvml.dll
Event: 0.135 Loaded shared library C:\Users\Andrea\.jdks\openjdk-24\bin\zip.dll
Event: 0.139 Loaded shared library C:\Users\Andrea\.jdks\openjdk-24\bin\instrument.dll
Event: 0.145 Loaded shared library C:\Users\Andrea\.jdks\openjdk-24\bin\net.dll
Event: 0.149 Loaded shared library C:\Users\Andrea\.jdks\openjdk-24\bin\nio.dll
Event: 0.156 Loaded shared library C:\Users\Andrea\.jdks\openjdk-24\bin\zip.dll
Event: 0.200 Loaded shared library C:\Users\Andrea\.jdks\openjdk-24\bin\extnet.dll
Event: 0.298 Loaded shared library C:\Users\Andrea\.jdks\openjdk-24\bin\jimage.dll

Deoptimization events (20 events):
Event: 0.676 Thread 0x000002425d0671e0 Uncommon trap: trap_request=0xffffffd6 fr.pc=0x000002426e050d9c relative=0x00000000000006bc
Event: 0.676 Thread 0x000002425d0671e0 Uncommon trap: reason=array_check action=maybe_recompile pc=0x000002426e050d9c method=jdk.internal.classfile.impl.SplitConstantPool.internalAdd(Ljava/lang/classfile/constantpool/PoolEntry;I)Ljava/lang/classfile/constantpool/PoolEntry; @ 46 c2
Event: 0.676 Thread 0x000002425d0671e0 DEOPT PACKING pc=0x000002426e050d9c sp=0x000000aa845fd220
Event: 0.676 Thread 0x000002425d0671e0 DEOPT UNPACKING pc=0x000002426db85882 sp=0x000000aa845fd1d0 mode 2
Event: 0.676 Thread 0x000002425d0671e0 Uncommon trap: trap_request=0xffffffd6 fr.pc=0x000002426e050d9c relative=0x00000000000006bc
Event: 0.676 Thread 0x000002425d0671e0 Uncommon trap: reason=array_check action=maybe_recompile pc=0x000002426e050d9c method=jdk.internal.classfile.impl.SplitConstantPool.internalAdd(Ljava/lang/classfile/constantpool/PoolEntry;I)Ljava/lang/classfile/constantpool/PoolEntry; @ 46 c2
Event: 0.676 Thread 0x000002425d0671e0 DEOPT PACKING pc=0x000002426e050d9c sp=0x000000aa845fd200
Event: 0.676 Thread 0x000002425d0671e0 DEOPT UNPACKING pc=0x000002426db85882 sp=0x000000aa845fd1b0 mode 2
Event: 0.717 Thread 0x000002425d0671e0 Uncommon trap: trap_request=0xffffff4d fr.pc=0x000002426e04a494 relative=0x00000000000000f4
Event: 0.717 Thread 0x000002425d0671e0 Uncommon trap: reason=unstable_if action=reinterpret pc=0x000002426e04a494 method=java.lang.Long.valueOf(J)Ljava/lang/Long; @ 9 c2
Event: 0.717 Thread 0x000002425d0671e0 DEOPT PACKING pc=0x000002426e04a494 sp=0x000000aa845fe2e0
Event: 0.717 Thread 0x000002425d0671e0 DEOPT UNPACKING pc=0x000002426db85882 sp=0x000000aa845fe278 mode 2
Event: 0.730 Thread 0x000002425d0671e0 Uncommon trap: trap_request=0xffffff4d fr.pc=0x000002426e059c1c relative=0x00000000000003fc
Event: 0.730 Thread 0x000002425d0671e0 Uncommon trap: reason=unstable_if action=reinterpret pc=0x000002426e059c1c method=java.io.ByteArrayOutputStream.ensureCapacity(I)V @ 11 c2
Event: 0.730 Thread 0x000002425d0671e0 DEOPT PACKING pc=0x000002426e059c1c sp=0x000000aa845fe100
Event: 0.730 Thread 0x000002425d0671e0 DEOPT UNPACKING pc=0x000002426db85882 sp=0x000000aa845fdff0 mode 2
Event: 0.737 Thread 0x000002425d0671e0 Uncommon trap: trap_request=0xffffff4d fr.pc=0x000002426e05963c relative=0x000000000000021c
Event: 0.737 Thread 0x000002425d0671e0 Uncommon trap: reason=unstable_if action=reinterpret pc=0x000002426e05963c method=java.io.ByteArrayOutputStream.ensureCapacity(I)V @ 11 c2
Event: 0.737 Thread 0x000002425d0671e0 DEOPT PACKING pc=0x000002426e05963c sp=0x000000aa845fdfc0
Event: 0.737 Thread 0x000002425d0671e0 DEOPT UNPACKING pc=0x000002426db85882 sp=0x000000aa845fdf08 mode 2

Classes loaded (20 events):
Event: 0.682 Loading class jdk/jfr/internal/MetadataWriter
Event: 0.683 Loading class jdk/jfr/internal/MetadataWriter done
Event: 0.683 Loading class jdk/jfr/internal/MetadataDescriptor$Element
Event: 0.683 Loading class jdk/jfr/internal/MetadataDescriptor$Element done
Event: 0.685 Loading class jdk/jfr/internal/MetadataDescriptor$Attribute
Event: 0.685 Loading class jdk/jfr/internal/MetadataDescriptor$Attribute done
Event: 0.721 Loading class jdk/jfr/internal/consumer/StringParser$Encoding
Event: 0.721 Loading class jdk/jfr/internal/consumer/StringParser$Encoding done
Event: 0.741 Loading class jdk/jfr/internal/consumer/RepositoryFiles
Event: 0.741 Loading class jdk/jfr/internal/consumer/RepositoryFiles done
Event: 0.755 Loading class jdk/jfr/internal/SettingsManager$InternalSetting
Event: 0.755 Loading class jdk/jfr/internal/SettingsManager$InternalSetting done
Event: 0.759 Loading class jdk/jfr/internal/util/Rate
Event: 0.759 Loading class jdk/jfr/internal/util/Rate done
Event: 0.759 Loading class jdk/jfr/internal/util/TimespanUnit
Event: 0.759 Loading class jdk/jfr/internal/util/TimespanUnit done
Event: 0.759 Loading class jdk/jfr/internal/util/ValueParser
Event: 0.759 Loading class jdk/jfr/internal/util/ValueParser done
Event: 0.765 Loading class jdk/jfr/internal/periodic/PeriodicType
Event: 0.765 Loading class jdk/jfr/internal/periodic/PeriodicType done

Classes unloaded (0 events):
No events

Classes redefined (0 events):
No events

Internal exceptions (18 events):
Event: 0.157 Thread 0x000002425d0671e0 Exception <a 'java/lang/NoSuchMethodError'{0x00000006f3aeb5a8}: 'void java.lang.invoke.DirectMethodHandle$Holder.invokeStatic(java.lang.Object, java.lang.Object, java.lang.Object)'> (0x00000006f3aeb5a8) 
thrown [s\open\src\hotspot\share\interpreter\linkResolver.cpp, line 805]
Event: 0.179 Thread 0x000002425d0671e0 Exception <a 'java/lang/NoSuchMethodError'{0x00000006f3b20168}: 'java.lang.Object java.lang.invoke.Invokers$Holder.invokeExact_MT(java.lang.Object, java.lang.Object, java.lang.Object, java.lang.Object, java.lang.Object)'> (0x00000006f3b20168) 
thrown [s\open\src\hotspot\share\interpreter\linkResolver.cpp, line 805]
Event: 0.192 Thread 0x000002425d0671e0 Exception <a 'java/lang/NoSuchMethodError'{0x00000006f3b31228}: 'java.lang.Object java.lang.invoke.DirectMethodHandle$Holder.invokeStaticInit(java.lang.Object, java.lang.Object, java.lang.Object)'> (0x00000006f3b31228) 
thrown [s\open\src\hotspot\share\interpreter\linkResolver.cpp, line 805]
Event: 0.198 Thread 0x0000024241337f50 Exception <a 'java/lang/NoSuchMethodError'{0x00000006f3b65578}: 'java.lang.Object java.lang.invoke.DirectMethodHandle$Holder.invokeStaticInit(java.lang.Object)'> (0x00000006f3b65578) 
thrown [s\open\src\hotspot\share\interpreter\linkResolver.cpp, line 805]
Event: 0.203 Thread 0x0000024241337f50 Exception <a 'java/lang/NoSuchMethodError'{0x00000006f3b70188}: 'void java.lang.invoke.DirectMethodHandle$Holder.invokeStatic(java.lang.Object, java.lang.Object)'> (0x00000006f3b70188) 
thrown [s\open\src\hotspot\share\interpreter\linkResolver.cpp, line 805]
Event: 0.336 Thread 0x000002425d0671e0 Exception <a 'java/lang/NoSuchMethodError'{0x00000006f35b4350}: 'void java.lang.invoke.DirectMethodHandle$Holder.invokeStaticInit(java.lang.Object)'> (0x00000006f35b4350) 
thrown [s\open\src\hotspot\share\interpreter\linkResolver.cpp, line 805]
Event: 0.362 Thread 0x000002425d0671e0 Exception <a 'java/lang/NoSuchMethodError'{0x00000006f3625748}: 'void java.lang.invoke.DirectMethodHandle$Holder.invokeSpecial(java.lang.Object, java.lang.Object, java.lang.Object)'> (0x00000006f3625748) 
thrown [s\open\src\hotspot\share\interpreter\linkResolver.cpp, line 805]
Event: 0.388 Thread 0x000002425d0671e0 Exception <a 'java/lang/NoSuchMethodError'{0x00000006f368ddb8}: 'java.lang.Object java.lang.invoke.DirectMethodHandle$Holder.newInvokeSpecial(java.lang.Object, java.lang.Object, java.lang.Object, java.lang.Object, java.lang.Object)'> (0x00000006f368ddb8) 
thrown [s\open\src\hotspot\share\interpreter\linkResolver.cpp, line 805]
Event: 0.475 Thread 0x000002425d0671e0 Exception <a 'java/lang/NoSuchMethodError'{0x00000006f3024d88}: 'long java.lang.invoke.DirectMethodHandle$Holder.invokeVirtual(java.lang.Object, java.lang.Object)'> (0x00000006f3024d88) 
thrown [s\open\src\hotspot\share\interpreter\linkResolver.cpp, line 805]
Event: 0.566 Thread 0x000002425d0671e0 Exception <a 'java/lang/NoSuchMethodError'{0x00000006f3277928}: 'int java.lang.invoke.DirectMethodHandle$Holder.invokeSpecial(java.lang.Object, java.lang.Object, java.lang.Object)'> (0x00000006f3277928) 
thrown [s\open\src\hotspot\share\interpreter\linkResolver.cpp, line 805]
Event: 0.652 Thread 0x000002425d0671e0 Exception <a 'java/lang/NoSuchMethodError'{0x00000006f2c409e0}: 'void java.lang.invoke.DirectMethodHandle$Holder.invokeSpecial(java.lang.Object, java.lang.Object, int)'> (0x00000006f2c409e0) 
thrown [s\open\src\hotspot\share\interpreter\linkResolver.cpp, line 805]
Event: 0.652 Thread 0x000002425d0671e0 Exception <a 'java/lang/NoSuchMethodError'{0x00000006f2c48600}: 'void java.lang.invoke.Invokers$Holder.invokeExact_MT(java.lang.Object, int, java.lang.Object)'> (0x00000006f2c48600) 
thrown [s\open\src\hotspot\share\interpreter\linkResolver.cpp, line 805]
Event: 0.656 Thread 0x000002425d0671e0 Exception <a 'java/lang/NoSuchMethodError'{0x00000006f2c62f30}: 'void java.lang.invoke.DirectMethodHandle$Holder.invokeStatic(java.lang.Object, java.lang.Object, int)'> (0x00000006f2c62f30) 
thrown [s\open\src\hotspot\share\interpreter\linkResolver.cpp, line 805]
Event: 0.657 Thread 0x000002425d0671e0 Exception <a 'java/lang/NoSuchMethodError'{0x00000006f2c72020}: 'java.lang.Object java.lang.invoke.DirectMethodHandle$Holder.newInvokeSpecial(java.lang.Object, java.lang.Object, int)'> (0x00000006f2c72020) 
thrown [s\open\src\hotspot\share\interpreter\linkResolver.cpp, line 805]
Event: 0.661 Thread 0x0000024246c0fee0 Exception <a 'java/lang/NoSuchMethodError'{0x00000006f2c90930}: 'long java.lang.invoke.DirectMethodHandle$Holder.invokeSpecial(java.lang.Object, java.lang.Object)'> (0x00000006f2c90930) 
thrown [s\open\src\hotspot\share\interpreter\linkResolver.cpp, line 805]
Event: 0.667 Thread 0x000002425d0671e0 Exception <a 'sun/nio/fs/WindowsException'{0x00000006f2d36810}> (0x00000006f2d36810) 
thrown [s\open\src\hotspot\share\prims\jni.cpp, line 518]
Event: 0.671 Thread 0x000002425d0671e0 Exception <a 'sun/nio/fs/WindowsException'{0x00000006f2d43710}> (0x00000006f2d43710) 
thrown [s\open\src\hotspot\share\prims\jni.cpp, line 518]
Event: 0.677 Thread 0x000002425d0671e0 Exception <a 'sun/nio/fs/WindowsException'{0x00000006f2d55598}> (0x00000006f2d55598) 
thrown [s\open\src\hotspot\share\prims\jni.cpp, line 518]

VM Operations (8 events):
Event: 0.112 Executing VM operation: HandshakeAllThreads (Deoptimize)
Event: 0.112 Executing VM operation: HandshakeAllThreads (Deoptimize) done
Event: 0.662 Executing VM operation: HandshakeAllThreads (Deoptimize)
Event: 0.662 Executing VM operation: HandshakeAllThreads (Deoptimize) done
Event: 0.664 Executing VM operation: HandshakeAllThreads (Deoptimize)
Event: 0.664 Executing VM operation: HandshakeAllThreads (Deoptimize) done
Event: 0.742 Executing VM operation: JFRSafepointClear
Event: 0.742 Executing VM operation: JFRSafepointClear done

Memory protections (0 events):
No events

Nmethod flushes (0 events):
No events

Events (14 events):
Event: 0.046 Thread 0x000002425d0671e0 Thread added: 0x000002425d0671e0
Event: 0.063 Thread 0x000002425d0671e0 Thread added: 0x000002424108d160
Event: 0.063 Thread 0x000002425d0671e0 Thread added: 0x000002424108de90
Event: 0.064 Thread 0x000002425d0671e0 Thread added: 0x0000024241091510
Event: 0.064 Thread 0x000002425d0671e0 Thread added: 0x0000024241093e60
Event: 0.064 Thread 0x000002425d0671e0 Thread added: 0x00000242410966b0
Event: 0.064 Thread 0x000002425d0671e0 Thread added: 0x000002424109af30
Event: 0.064 Thread 0x000002425d0671e0 Thread added: 0x00000242410a7b60
Event: 0.064 Thread 0x000002425d0671e0 Thread added: 0x00000242410a8960
Event: 0.099 Thread 0x000002425d0671e0 Thread added: 0x000002424119a0c0
Event: 0.184 Thread 0x000002425d0671e0 Thread added: 0x0000024241337f50
Event: 0.303 Thread 0x00000242410a8960 Thread added: 0x0000024241a77550
Event: 0.333 Thread 0x000002425d0671e0 Thread added: 0x0000024241c03e10
Event: 0.658 Thread 0x000002425d0671e0 Thread added: 0x0000024246c0fee0


Dynamic libraries:
0x00007ff6678c0000 - 0x00007ff6678ce000 	C:\Users\Andrea\.jdks\openjdk-24\bin\java.exe
0x00007ff8015a0000 - 0x00007ff801808000 	C:\WINDOWS\SYSTEM32\ntdll.dll
0x00007ff800ac0000 - 0x00007ff800b89000 	C:\WINDOWS\System32\KERNEL32.DLL
0x00007ffffef30000 - 0x00007fffff31d000 	C:\WINDOWS\System32\KERNELBASE.dll
0x00007ffffe6d0000 - 0x00007ffffe81b000 	C:\WINDOWS\System32\ucrtbase.dll
0x00007ffff3520000 - 0x00007ffff353b000 	C:\Users\Andrea\.jdks\openjdk-24\bin\VCRUNTIME140.dll
0x00007ffff3590000 - 0x00007ffff35a6000 	C:\Users\Andrea\.jdks\openjdk-24\bin\jli.dll
0x00007fffff4d0000 - 0x00007fffff69c000 	C:\WINDOWS\System32\USER32.dll
0x00007ffffe820000 - 0x00007ffffe847000 	C:\WINDOWS\System32\win32u.dll
0x00007fffe93d0000 - 0x00007fffe966a000 	C:\WINDOWS\WinSxS\amd64_microsoft.windows.common-controls_6595b64144ccf1df_6.0.26100.4484_none_3e0e6d4ce32ef3b3\COMCTL32.dll
0x00007ff800f30000 - 0x00007ff800fd9000 	C:\WINDOWS\System32\msvcrt.dll
0x00007fffff3a0000 - 0x00007fffff3cb000 	C:\WINDOWS\System32\GDI32.dll
0x00007ffffedf0000 - 0x00007ffffef27000 	C:\WINDOWS\System32\gdi32full.dll
0x00007ffffea70000 - 0x00007ffffeb13000 	C:\WINDOWS\System32\msvcp_win.dll
0x00007ff800040000 - 0x00007ff80006f000 	C:\WINDOWS\System32\IMM32.DLL
0x00007ffff9240000 - 0x00007ffff924c000 	C:\Users\Andrea\.jdks\openjdk-24\bin\vcruntime140_1.dll
0x00007fffe2a20000 - 0x00007fffe2aae000 	C:\Users\Andrea\.jdks\openjdk-24\bin\msvcp140.dll
0x00007fff82cb0000 - 0x00007fff83a52000 	C:\Users\Andrea\.jdks\openjdk-24\bin\server\jvm.dll
0x00007ff800990000 - 0x00007ff800a44000 	C:\WINDOWS\System32\ADVAPI32.dll
0x00007fffff870000 - 0x00007fffff916000 	C:\WINDOWS\System32\sechost.dll
0x00007ff800120000 - 0x00007ff800238000 	C:\WINDOWS\System32\RPCRT4.dll
0x00007fffff970000 - 0x00007fffff9e4000 	C:\WINDOWS\System32\WS2_32.dll
0x00007ffff7bb0000 - 0x00007ffff7be5000 	C:\WINDOWS\SYSTEM32\WINMM.dll
0x00007ffff7bf0000 - 0x00007ffff7bfb000 	C:\WINDOWS\SYSTEM32\VERSION.dll
0x00007ffffe520000 - 0x00007ffffe57e000 	C:\WINDOWS\SYSTEM32\POWRPROF.dll
0x00007ffffe500000 - 0x00007ffffe514000 	C:\WINDOWS\SYSTEM32\UMPDC.dll
0x00007ffffd480000 - 0x00007ffffd49b000 	C:\WINDOWS\SYSTEM32\kernel.appcore.dll
0x00007ffff1970000 - 0x00007ffff197a000 	C:\Users\Andrea\.jdks\openjdk-24\bin\jimage.dll
0x00007ffffc0e0000 - 0x00007ffffc321000 	C:\WINDOWS\SYSTEM32\DBGHELP.DLL
0x00007ff800ba0000 - 0x00007ff800f26000 	C:\WINDOWS\System32\combase.dll
0x00007ff801470000 - 0x00007ff801550000 	C:\WINDOWS\System32\OLEAUT32.dll
0x00007fffded50000 - 0x00007fffded93000 	C:\WINDOWS\SYSTEM32\dbgcore.DLL
0x00007ffffe850000 - 0x00007ffffe8e9000 	C:\WINDOWS\System32\bcryptPrimitives.dll
0x00007fffe31e0000 - 0x00007fffe31ef000 	C:\Users\Andrea\.jdks\openjdk-24\bin\instrument.dll
0x00007ffff0a70000 - 0x00007ffff0a8e000 	C:\Users\Andrea\.jdks\openjdk-24\bin\java.dll
0x00007fffff6c0000 - 0x00007fffff85e000 	C:\WINDOWS\System32\ole32.dll
0x00007ff800240000 - 0x00007ff80098a000 	C:\WINDOWS\System32\SHELL32.dll
0x00007ffffec70000 - 0x00007ffffede4000 	C:\WINDOWS\System32\wintypes.dll
0x00007fff7b190000 - 0x00007fff7b39e000 	C:\Users\Andrea\AppData\Local\Temp\idea_libasyncProfiler_dll_temp_folder1\libasyncProfiler.dll
0x00007ffffc360000 - 0x00007ffffcbbb000 	C:\WINDOWS\SYSTEM32\windows.storage.dll
0x00007fffff3d0000 - 0x00007fffff4c5000 	C:\WINDOWS\System32\SHCORE.dll
0x00007ff800fe0000 - 0x00007ff80104a000 	C:\WINDOWS\System32\shlwapi.dll
0x00007ffffe5e0000 - 0x00007ffffe60f000 	C:\WINDOWS\SYSTEM32\profapi.dll
0x00007fffe2700000 - 0x00007fffe27d7000 	C:\Users\Andrea\.jdks\openjdk-24\bin\jsvml.dll
0x00007ffff0580000 - 0x00007ffff0597000 	C:\Users\Andrea\.jdks\openjdk-24\bin\zip.dll
0x00007ffff0340000 - 0x00007ffff0350000 	C:\Users\Andrea\.jdks\openjdk-24\bin\net.dll
0x00007ffffda10000 - 0x00007ffffda7a000 	C:\WINDOWS\system32\mswsock.dll
0x00007fffeed60000 - 0x00007fffeed76000 	C:\Users\Andrea\.jdks\openjdk-24\bin\nio.dll
0x00007ffff0220000 - 0x00007ffff0229000 	C:\Users\Andrea\.jdks\openjdk-24\bin\extnet.dll

dbghelp: loaded successfully - version: 4.0.5 - missing functions: none
symbol engine: initialized successfully - sym options: 0x614 - pdb path: .;C:\Users\Andrea\.jdks\openjdk-24\bin;C:\WINDOWS\SYSTEM32;C:\WINDOWS\WinSxS\amd64_microsoft.windows.common-controls_6595b64144ccf1df_6.0.26100.4484_none_3e0e6d4ce32ef3b3;C:\Users\Andrea\.jdks\openjdk-24\bin\server;C:\Users\Andrea\AppData\Local\Temp\idea_libasyncProfiler_dll_temp_folder1

VM Arguments:
jvm_args: -javaagent:C:\Program Files\JetBrains\IntelliJ IDEA 2024.3.5\lib\idea_rt.jar=60610 -agentpath:C:\Users\Andrea\AppData\Local\Temp\idea_libasyncProfiler_dll_temp_folder1\libasyncProfiler.dll=start,jfr,event=wall,interval=10ms,jfrsync=profile,cstack=no,file=C:\Users\Andrea\IdeaSnapshots\Main_2025_07_17_212002.jfr,dbghelppath=C:\Users\Andrea\AppData\Local\Temp\idea_dbghelp_dll_temp_folder1\dbghelp.dll,log=C:\Users\Andrea\AppData\Local\Temp\Main_2025_07_17_212002.jfr.log.txt,logLevel=DEBUG -Dfile.encoding=UTF-8 -Dsun.stdout.encoding=UTF-8 -Dsun.stderr.encoding=UTF-8 
java_command: ec.edu.ups.Main
java_class_path (initial): C:\Users\Andrea\IdeaProjects\CarritoDeCompras\target\classes
Launcher Type: SUN_STANDARD

[Global flags]
     intx CICompilerCount                          = 3                                         {product} {ergonomic}
     uint ConcGCThreads                            = 1                                         {product} {ergonomic}
     bool FlightRecorder                           = true                                      {product} {management}
     uint G1ConcRefinementThreads                  = 4                                         {product} {ergonomic}
   size_t G1HeapRegionSize                         = 4194304                                   {product} {ergonomic}
   size_t InitialHeapSize                          = 301989888                                 {product} {ergonomic}
   size_t MarkStackSize                            = 4194304                                   {product} {ergonomic}
   size_t MarkStackSizeMax                         = 536870912                                 {product} {ergonomic}
   size_t MaxHeapSize                              = 4802478080                                {product} {ergonomic}
   size_t MaxNewSize                               = 2881486848                                {product} {ergonomic}
   size_t MinHeapDeltaBytes                        = 4194304                                   {product} {ergonomic}
   size_t MinHeapSize                              = 8388608                                   {product} {ergonomic}
    uintx NonNMethodCodeHeapSize                   = 5832704                                {pd product} {ergonomic}
    uintx NonProfiledCodeHeapSize                  = 122945536                              {pd product} {ergonomic}
    uintx ProfiledCodeHeapSize                     = 122880000                              {pd product} {ergonomic}
    uintx ReservedCodeCacheSize                    = 251658240                              {pd product} {ergonomic}
     bool SegmentedCodeCache                       = true                                      {product} {ergonomic}
   size_t SoftMaxHeapSize                          = 4802478080                             {manageable} {ergonomic}
     bool UseCompressedOops                        = true                           {product lp64_product} {ergonomic}
     bool UseG1GC                                  = true                                      {product} {ergonomic}
     bool UseLargePagesIndividualAllocation        = false                                  {pd product} {ergonomic}

Logging:
Log output configuration:
 #0: stdout all=warning uptime,level,tags foldmultilines=false
 #1: stderr all=off uptime,level,tags foldmultilines=false

Environment Variables:
PATH=C:\Program Files\Common Files\Oracle\Java\javapath;C:\Program Files (x86)\Common Files\Oracle\Java\java8path;C:\Program Files (x86)\Common Files\Oracle\Java\javapath;C:\WINDOWS\system32;C:\WINDOWS;C:\WINDOWS\System32\Wbem;C:\WINDOWS\System32\WindowsPowerShell\v1.0\;C:\WINDOWS\System32\OpenSSH\;C:\Program Files\Git\cmd;C:\Users\Andrea\AppData\Local\Microsoft\WindowsApps;C:\Users\Andrea\AppData\Local\Programs\Microsoft VS Code\bin;C:\Users\Andrea\AppData\Local\GitHubDesktop\bin
USERNAME=Andrea
OS=Windows_NT
PROCESSOR_IDENTIFIER=AMD64 Family 23 Model 24 Stepping 1, AuthenticAMD
TMP=C:\Users\Andrea\AppData\Local\Temp
TEMP=C:\Users\Andrea\AppData\Local\Temp




Periodic native trim disabled

---------------  S Y S T E M  ---------------

OS:
 Windows 11 , 64 bit Build 26100 (10.0.26100.4484)
OS uptime: 1 days 13:58 hours

CPU: total 4 (initial active 4) (4 cores per cpu, 2 threads per core) family 23 model 24 stepping 1 microcode 0x8108109, cx8, cmov, fxsr, ht, mmx, 3dnowpref, sse, sse2, sse3, ssse3, sse4a, sse4.1, sse4.2, popcnt, lzcnt, tsc, tscinvbit, avx, avx2, aes, clmul, bmi1, bmi2, adx, sha, fma, vzeroupper, clflush, clflushopt, rdtscp, f16c
Processor Information for the first 4 processors :
  Max Mhz: 2600, Current Mhz: 2600, Mhz Limit: 2600

Memory: 4k page, system-wide physical 18308M (5559M free)
TotalPageFile size 28047M (AvailPageFile size 7719M)
current process WorkingSet (physical memory assigned to process): 74M, peak: 74M
current process commit charge ("private bytes"): 412M, peak: 412M

vm_info: OpenJDK 64-Bit Server VM (24+36-3646) for windows-amd64 JRE (24+36-3646), built on 2025-02-06T00:20:43Z with MS VC++ 17.6 (VS2022)

END.
