#
# A fatal error has been detected by the Java Runtime Environment:
#
#  EXCEPTION_ACCESS_VIOLATION (0xc0000005) at pc=0x00007ffe05423004, pid=19740, tid=10404
#
# JRE version: OpenJDK Runtime Environment (24.0+36) (build 24+36-3646)
# Java VM: OpenJDK 64-Bit Server VM (24+36-3646, mixed mode, sharing, tiered, compressed oops, compressed class ptrs, g1 gc, windows-amd64)
# Problematic frame:
# C  [libasyncProfiler.dll+0x93004]
#
# No core dump will be written. Minidumps are not enabled by default on client versions of Windows
#
# JFR recording file will be written. Location: C:\Users\Andrea\IdeaProjects\CarritoDeCompras\hs_err_pid19740.jfr
#
# If you would like to submit a bug report, please visit:
#   https://bugreport.java.com/bugreport/crash.jsp
# The crash happened outside the Java Virtual Machine in native code.
# See problematic frame for where to report the bug.
#

---------------  S U M M A R Y ------------

Command Line: -javaagent:C:\Program Files\JetBrains\IntelliJ IDEA 2024.3.5\lib\idea_rt.jar=60793 -agentpath:C:\Users\Andrea\AppData\Local\Temp\idea_libasyncProfiler_dll_temp_folder\libasyncProfiler.dll=start,jfr,event=wall,interval=10ms,jfrsync=profile,cstack=no,file=C:\Users\Andrea\IdeaSnapshots\Main_2025_07_06_190625.jfr,dbghelppath=C:\Users\Andrea\AppData\Local\Temp\idea_dbghelp_dll_temp_folder\dbghelp.dll,log=C:\Users\Andrea\AppData\Local\Temp\Main_2025_07_06_190625.jfr.log.txt,logLevel=DEBUG -Dfile.encoding=UTF-8 -Dsun.stdout.encoding=UTF-8 -Dsun.stderr.encoding=UTF-8 ec.edu.ups.Main

Host: AMD Ryzen 3 3250U with Radeon Graphics         , 4 cores, 17G,  Windows 11 , 64 bit Build 26100 (10.0.26100.4202)
Time: Sun Jul  6 19:06:26 2025 Hora est. Pacífico, Sudamérica elapsed time: 0.865296 seconds (0d 0h 0m 0s)

---------------  T H R E A D  ---------------

Current thread (0x0000029952eae6f0):  JavaThread "main"             [_thread_in_native, id=10404, stack(0x000000c423e00000,0x000000c423f00000) (1024K)]

Stack: [0x000000c423e00000,0x000000c423f00000],  sp=0x000000c423efec20,  free space=1019k
Native frames: (J=compiled Java code, j=interpreted, Vv=VM code, C=native code)
C  [libasyncProfiler.dll+0x93004]  (no source info available)
C  [libasyncProfiler.dll+0x934db]  (no source info available)
C  [libasyncProfiler.dll+0x92134]  (no source info available)
C  [libasyncProfiler.dll+0x929aa]  (no source info available)
C  [libasyncProfiler.dll+0x8d561]  (no source info available)
C  [libasyncProfiler.dll+0x7ef21]  (no source info available)
C  [libasyncProfiler.dll+0x7dc38]  (no source info available)
C  [libasyncProfiler.dll+0x7db20]  (no source info available)
C  [libasyncProfiler.dll+0x83c3c]  (no source info available)
V  [jvm.dll+0x5e3a5e]  (no source info available)
V  [jvm.dll+0x8861e6]  (no source info available)
V  [jvm.dll+0x49604e]  (no source info available)
V  [jvm.dll+0x497e21]  (no source info available)
C  [jli.dll+0x52a1]  (no source info available)
C  [ucrtbase.dll+0x37b0]  (no source info available)
C  [KERNEL32.DLL+0x2e8d7]  (no source info available)
C  [ntdll.dll+0x3c34c]  (no source info available)


siginfo: EXCEPTION_ACCESS_VIOLATION (0xc0000005), reading address 0xffffffffffffffff


Registers:
RAX=0x0000000000000010, RBX=0x0000000000000000, RCX=0xffffffffffffffff, RDX=0x007ffde6ad2ff010
RSP=0x000000c423efec20, RBP=0x0000029941455af0, RSI=0x000000c423efed90, RDI=0x0000029941455af0
R8 =0x0000000000000042, R9 =0x00000006f3801ee8, R10=0x00007ffde6d49fc0, R11=0x0000000000000002
R12=0x000000c423efed90, R13=0x0000029950afa5e0, R14=0x0000029952eaeab8, R15=0x0000029952eaeab8
RIP=0x00007ffe05423004, EFLAGS=0x0000000000010202

XMM[0]=0x0000000000000000 0x0000000000000000
XMM[1]=0x0000000000000000 0x0000000000000000
XMM[2]=0x0000000000000000 0x0000000000000000
XMM[3]=0x0000000000000000 0x0000000000000000
XMM[4]=0x0000000000000000 0x0000000000000000
XMM[5]=0x0000000000000000 0x0000000000000000
XMM[6]=0x0000000000000000 0x0000000000000000
XMM[7]=0x0000000000000000 0x0000000000000000
XMM[8]=0x0000000000000000 0x0000000000000000
XMM[9]=0x0000000000000000 0x0000000000000000
XMM[10]=0x0000000000000000 0x0000000000000000
XMM[11]=0x0000000000000000 0x0000000000000000
XMM[12]=0x0000000000000000 0x0000000000000000
XMM[13]=0x0000000000000000 0x0000000000000000
XMM[14]=0x0000000000000000 0x0000000000000000
XMM[15]=0x0000000000000000 0x0000000000000000
  MXCSR=0x00001fa0


Register to memory mapping:

RAX=0x0000000000000010 is an unknown value
RBX=0x0 is null
RCX=0xffffffffffffffff is an unknown value
RDX=0x007ffde6ad2ff010 is an unknown value
RSP=0x000000c423efec20 is pointing into the stack for thread: 0x0000029952eae6f0
RBP=0x0000029941455af0 points into unknown readable memory: 0x00000006f3801ee8 | e8 1e 80 f3 06 00 00 00
RSI=0x000000c423efed90 is pointing into the stack for thread: 0x0000029952eae6f0
RDI=0x0000029941455af0 points into unknown readable memory: 0x00000006f3801ee8 | e8 1e 80 f3 06 00 00 00
R8 =0x0000000000000042 is an unknown value
R9 =0x00000006f3801ee8 is an oop: java.lang.Thread 
{0x00000006f3801ee8} - klass: 'java/lang/Thread' - flags: 

 - ---- fields (total size 14 words):
 - 'threadLocalRandomProbe' 'I' @12  0 (0x00000000)
 - private volatile 'eetop' 'J' @16  2857544378096 (0x0000029952eae6f0)
 - private final 'tid' 'J' @24  3 (0x0000000000000003)
 - 'threadLocalRandomSeed' 'J' @32  0 (0x0000000000000000)
 - injected 'jvmti_thread_state' 'J' @40  2857540627344 (0x0000029952b1ab90)
 - 'threadLocalRandomSecondarySeed' 'I' @48  0 (0x00000000)
 - injected 'jvmti_VTMS_transition_disable_count' 'I' @52  0 (0x00000000)
 - injected 'jfr_epoch' 'S' @56  0 (0x0000)
 - volatile 'interrupted' 'Z' @58  false (0x00)
 - injected 'jvmti_is_in_VTMS_transition' 'Z' @59  false (0x00)
 - private volatile 'name' 'Ljava/lang/String;' @60  "main"{0x00000006f3801f58} (0xde7003eb)
 - private volatile 'contextClassLoader' 'Ljava/lang/ClassLoader;' @64  a 'jdk/internal/loader/ClassLoaders$AppClassLoader'{0x00000006f3815a48} (0xde702b49)
 - private final 'holder' 'Ljava/lang/Thread$FieldHolder;' @68  a 'java/lang/Thread$FieldHolder'{0x00000006f3801f98} (0xde7003f3)
 - 'threadLocals' 'Ljava/lang/ThreadLocal$ThreadLocalMap;' @72  a 'java/lang/ThreadLocal$ThreadLocalMap'{0x00000006f3ae3010} (0xde75c602)
 - 'inheritableThreadLocals' 'Ljava/lang/ThreadLocal$ThreadLocalMap;' @76  null (0x00000000)
 - private 'scopedValueBindings' 'Ljava/lang/Object;' @80  a 'java/lang/Class'{0x00000007ffc7c280} = 'java/lang/Thread' (0xfff8f850)
 - final 'interruptLock' 'Ljava/lang/Object;' @84  a 'java/lang/Object'{0x00000006f3801f88} (0xde7003f1)
 - private volatile 'parkBlocker' 'Ljava/lang/Object;' @88  null (0x00000000)
 - private 'nioBlocker' 'Lsun/nio/ch/Interruptible;' @92  null (0x00000000)
 - private 'cont' 'Ljdk/internal/vm/Continuation;' @96  null (0x00000000)
 - private volatile 'uncaughtExceptionHandler' 'Ljava/lang/Thread$UncaughtExceptionHandler;' @100  null (0x00000000)
 - private 'container' 'Ljdk/internal/vm/ThreadContainer;' @104  null (0x00000000)
 - private volatile 'headStackableScopes' 'Ljdk/internal/vm/StackableScope;' @108  null (0x00000000)
R10=0x00007ffde6d49fc0 jvm.dll
R11=0x0000000000000002 is an unknown value
R12=0x000000c423efed90 is pointing into the stack for thread: 0x0000029952eae6f0
R13=0x0000029950afa5e0 points into unknown readable memory: 0x00007ffde6cba510 | 10 a5 cb e6 fd 7f 00 00
R14=0x0000029952eaeab8 points into unknown readable memory: 0x00007ffde6cb17b0 | b0 17 cb e6 fd 7f 00 00
R15=0x0000029952eaeab8 points into unknown readable memory: 0x00007ffde6cb17b0 | b0 17 cb e6 fd 7f 00 00

Top of Stack: (sp=0x000000c423efec20)
0x000000c423efec20:   000000c423efed90 0000029941455af0   ...#.....ZEA....
0x000000c423efec30:   0000000000000000 00000299529931d0   .........1.R....
0x000000c423efec40:   0000000000000018 00007ffe054234db   .........4B.....
0x000000c423efec50:   0000000000000000 0000029952eaeab8   ...........R....
0x000000c423efec60:   000000c423efed01 0000000000000000   ...#............
0x000000c423efec70:   0000029941bdd400 00007ffe05422134   ...A....4!B.....
0x000000c423efec80:   0000000000000000 0000000000000018   ................
0x000000c423efec90:   0000000000000000 0000000000000018   ................
0x000000c423efeca0:   0000000900000002 0000029946db3de0   .........=.F....
0x000000c423efecb0:   0000029941bdd400 0000029941bdd460   ...A....`..A....
0x000000c423efecc0:   0000029941bdd470 0000000000002898   p..A.....(......
0x000000c423efecd0:   0000000000000000 0000000000000000   ................
0x000000c423efece0:   0000000000000000 00007ffde65158e4   .........XQ.....
0x000000c423efecf0:   00007ffe0557ae00 0000000000004d1c   ..W......M......
0x000000c423efed00:   00007ffe0557ae00 00000000ffffffff   ..W.............
0x000000c423efed10:   0000000000000000 00007ffe054229aa   .........)B.....
0x000000c423efed20:   0000029952eaeab8 0000000000000000   ...R............
0x000000c423efed30:   000000c423efed99 0000029950afa5e0   ...#.......P....
0x000000c423efed40:   00000299000021b4 0000000000000000   .!..............
0x000000c423efed50:   0000000000000000 00007ffe4acdfc09   ...........J....
0x000000c423efed60:   0000029952eaeab8 00007ffe0557ae00   ...R......W.....
0x000000c423efed70:   0000000000000000 00007ffe054bbc53   ........S.K.....
0x000000c423efed80:   0000000000000000 0000029952eaeab8   ...........R....
0x000000c423efed90:   0000029946d65300 0000029946d65600   .S.F.....V.F....
0x000000c423efeda0:   0000029946d65600 00007ffe0557ae00   .V.F......W.....
0x000000c423efedb0:   0000029952e03588 000000c423efef28   .5.R....(..#....
0x000000c423efedc0:   000000c423eff060 0000000000008840   `..#....@.......
0x000000c423efedd0:   00007ffe0556d080 00007ffe0557ae50   ..V.....P.W.....
0x000000c423efede0:   0000000000989680 0000000000989680   ................
0x000000c423efedf0:   000000c423efef00 00007ffe0541d561   ...#....a.A.....
0x000000c423efee00:   00007ffe0557ae00 00007ffe0557ae58   ..W.....X.W.....
0x000000c423efee10:   00007ffe00000000 0047844200000001   ............B.G.

Instructions: (pc=0x00007ffe05423004)
  0x00007ffe05422f04:   cc cc cc cc cc cc cc cc cc cc cc cc cc cc cc cc
  0x00007ffe05422f14:   cc cc cc cc cc cc cc cc cc cc cc cc cc cc cc cc
  0x00007ffe05422f24:   cc cc cc cc cc cc cc cc cc cc cc cc cc cc cc cc
  0x00007ffe05422f34:   cc cc cc cc cc cc cc cc cc cc cc cc cc cc cc cc
  0x00007ffe05422f44:   cc cc cc cc cc cc cc cc cc cc cc cc cc cc cc cc
  0x00007ffe05422f54:   cc cc cc cc cc cc cc cc cc cc cc cc cc cc cc cc
  0x00007ffe05422f64:   cc cc cc cc cc cc cc cc cc cc cc cc cc cc cc cc
  0x00007ffe05422f74:   cc cc cc cc cc cc cc cc cc cc cc cc cc cc cc cc
  0x00007ffe05422f84:   cc cc cc cc cc cc cc cc cc cc cc cc 40 57 48 83
  0x00007ffe05422f94:   ec 20 48 8b f9 48 8b 0d 30 80 15 00 48 85 c9 74
  0x00007ffe05422fa4:   20 48 8b 01 48 8d 54 24 38 41 b8 06 00 01 00 4c
  0x00007ffe05422fb4:   8b 48 30 41 ff d1 85 c0 75 07 48 8b 4c 24 38 eb
  0x00007ffe05422fc4:   02 33 c9 4c 8b 05 0a 81 15 00 48 89 5c 24 30 4d
  0x00007ffe05422fd4:   85 c0 74 4a 48 8b 01 48 8b d7 4c 8b 88 28 03 00
  0x00007ffe05422fe4:   00 41 ff d1 48 85 c0 74 35 48 63 0d b8 3d 15 00
  0x00007ffe05422ff4:   48 8b 14 01 48 85 d2 74 15 48 63 05 bc 3d 15 00
=>0x00007ffe05423004:   8b 04 10 48 8b 5c 24 30 48 83 c4 20 5f c3 b8 ff
  0x00007ffe05423014:   ff ff ff 48 8b 5c 24 30 48 83 c4 20 5f c3 80 3d
  0x00007ffe05423024:   bb 7f 15 00 00 bb ff ff ff ff 74 20 4c 8b 0d 51
  0x00007ffe05423034:   7c 15 00 4c 8d 44 24 38 48 8b 0d 35 7c 15 00 48
  0x00007ffe05423044:   8b d7 41 ff d1 85 c0 0f 44 5c 24 38 8b c3 48 8b
  0x00007ffe05423054:   5c 24 30 48 83 c4 20 5f c3 cc cc cc cc cc cc cc
  0x00007ffe05423064:   cc cc cc cc cc cc cc cc cc cc cc cc cc cc cc cc
  0x00007ffe05423074:   cc cc cc cc cc cc cc cc cc cc cc cc cc cc cc cc
  0x00007ffe05423084:   cc cc cc cc cc cc cc cc cc cc cc cc 48 89 54 24
  0x00007ffe05423094:   10 53 55 56 57 41 56 41 57 48 83 ec 28 48 8b f2
  0x00007ffe054230a4:   4c 8b f1 48 89 4c 24 78 45 33 ff 44 89 7c 24 68
  0x00007ffe054230b4:   c7 44 24 60 01 00 00 00 48 8d 4c 24 68 e8 69 3c
  0x00007ffe054230c4:   f7 ff 8b d8 48 8d 4c 24 60 e8 5d 3c f7 ff 8b e8
  0x00007ffe054230d4:   49 8b ce e8 33 f3 f6 ff 48 8b f8 90 8b c3 f0 0f
  0x00007ffe054230e4:   b1 2f 74 04 f3 90 eb f4 4c 89 3e 4c 89 7e 08 4c
  0x00007ffe054230f4:   89 7e 10 49 8b 6e 08 4d 8b 76 10 49 3b ee 0f 84


Stack slot to memory mapping:

stack at sp + 0 slots: 0x000000c423efed90 is pointing into the stack for thread: 0x0000029952eae6f0
stack at sp + 1 slots: 0x0000029941455af0 points into unknown readable memory: 0x00000006f3801ee8 | e8 1e 80 f3 06 00 00 00
stack at sp + 2 slots: 0x0 is null
stack at sp + 3 slots: 0x00000299529931d0 points into unknown readable memory: 0x6e616c2e6176616a | 6a 61 76 61 2e 6c 61 6e
stack at sp + 4 slots: 0x0000000000000018 is an unknown value
stack at sp + 5 slots: 0x00007ffe054234db libasyncProfiler.dll
stack at sp + 6 slots: 0x0 is null
stack at sp + 7 slots: 0x0000029952eaeab8 points into unknown readable memory: 0x00007ffde6cb17b0 | b0 17 cb e6 fd 7f 00 00

Lock stack of current Java thread (top to bottom):


---------------  P R O C E S S  ---------------

Threads class SMR info:
_java_thread_list=0x0000029946d3d1d0, length=14, elements={
0x0000029952eae6f0, 0x00000299410874e0, 0x0000029941089120, 0x000002994108c5e0,
0x000002994108f120, 0x000002994108fc50, 0x0000029941092790, 0x00000299410935f0,
0x000002994109b6a0, 0x000002994115c070, 0x0000029941339780, 0x000002994193d070,
0x0000029941bdca20, 0x0000029946d5cb00
}

Java Threads: ( => current thread )
=>0x0000029952eae6f0 JavaThread "main"                              [_thread_in_native, id=10404, stack(0x000000c423e00000,0x000000c423f00000) (1024K)]
  0x00000299410874e0 JavaThread "Reference Handler"          daemon [_thread_blocked, id=15312, stack(0x000000c424600000,0x000000c424700000) (1024K)]
  0x0000029941089120 JavaThread "Finalizer"                  daemon [_thread_blocked, id=21872, stack(0x000000c424700000,0x000000c424800000) (1024K)]
  0x000002994108c5e0 JavaThread "Signal Dispatcher"          daemon [_thread_blocked, id=28328, stack(0x000000c424800000,0x000000c424900000) (1024K)]
  0x000002994108f120 JavaThread "Attach Listener"            daemon [_thread_blocked, id=19572, stack(0x000000c424900000,0x000000c424a00000) (1024K)]
  0x000002994108fc50 JavaThread "Service Thread"             daemon [_thread_blocked, id=12804, stack(0x000000c424a00000,0x000000c424b00000) (1024K)]
  0x0000029941092790 JavaThread "Monitor Deflation Thread"   daemon [_thread_blocked, id=15824, stack(0x000000c424b00000,0x000000c424c00000) (1024K)]
  0x00000299410935f0 JavaThread "C2 CompilerThread0"         daemon [_thread_blocked, id=18820, stack(0x000000c424c00000,0x000000c424d00000) (1024K)]
  0x000002994109b6a0 JavaThread "C1 CompilerThread0"         daemon [_thread_blocked, id=21304, stack(0x000000c424d00000,0x000000c424e00000) (1024K)]
  0x000002994115c070 JavaThread "Common-Cleaner"             daemon [_thread_blocked, id=9320, stack(0x000000c424e00000,0x000000c424f00000) (1024K)]
  0x0000029941339780 JavaThread "Monitor Ctrl-Break"         daemon [_thread_in_native, id=7056, stack(0x000000c424f00000,0x000000c425000000) (1024K)]
  0x000002994193d070 JavaThread "JFR Recorder Thread"        daemon [_thread_in_native, id=5040, stack(0x000000c425000000,0x000000c425100000) (1024K)]
  0x0000029941bdca20 JavaThread "C2 CompilerThread1"         daemon [_thread_blocked, id=1292, stack(0x000000c425100000,0x000000c425200000) (1024K)]
  0x0000029946d5cb00 JavaThread "JFR Periodic Tasks"         daemon [_thread_blocked, id=10392, stack(0x000000c425200000,0x000000c425300000) (1024K)]
Total: 14

Other Threads:
  0x0000029952b33590 VMThread "VM Thread"                           [id=13428, stack(0x000000c424500000,0x000000c424600000) (1024K)]
  0x0000029952b1a3f0 WatcherThread "VM Periodic Task Thread"        [id=15848, stack(0x000000c424400000,0x000000c424500000) (1024K)]
  0x0000029952a000d0 WorkerThread "GC Thread#0"                     [id=22820, stack(0x000000c423f00000,0x000000c424000000) (1024K)]
  0x0000029952a0c3f0 ConcurrentGCThread "G1 Main Marker"            [id=6072, stack(0x000000c424000000,0x000000c424100000) (1024K)]
  0x0000029952a0df70 WorkerThread "G1 Conc#0"                       [id=26304, stack(0x000000c424100000,0x000000c424200000) (1024K)]
  0x0000029952a69f90 ConcurrentGCThread "G1 Refine#0"               [id=19776, stack(0x000000c424200000,0x000000c424300000) (1024K)]
  0x0000029952a6a9b0 ConcurrentGCThread "G1 Service"                [id=4184, stack(0x000000c424300000,0x000000c424400000) (1024K)]
Total: 7

Threads with active compile tasks:
Total: 0

VM state: not at safepoint (normal execution)

VM Mutex/Monitor currently owned by a thread: None

Heap address: 0x00000006e1c00000, size: 4580 MB, Compressed Oops mode: Zero based, Oop shift amount: 3

CDS archive(s) mapped at: [0x0000029900000000-0x0000029900d40000-0x0000029900d40000), size 13893632, SharedBaseAddress: 0x0000029900000000, ArchiveRelocationMode: 1.
Compressed class space mapped at: 0x0000029901000000-0x0000029941000000, reserved size: 1073741824
UseCompressedClassPointers 1, UseCompactObjectHeaders 0
Narrow klass pointer bits 32, Max shift 3
Narrow klass base: 0x0000029900000000, Narrow klass shift: 0
Encoding Range: [0x0000029900000000 - 0x0000029a00000000), (4294967296 bytes)
Klass Range:    [0x0000029900000000 - 0x0000029941000000), (1090519040 bytes)
Klass ID Range:  [8 - 1090519033) (1090519025)

GC Precious Log:
 CardTable entry size: 512
 Card Set container configuration: InlinePtr #cards 4 size 8 Array Of Cards #cards 32 size 80 Howl #buckets 8 coarsen threshold 7372 Howl Bitmap #cards 1024 size 144 coarsen threshold 921 Card regions per heap region 1 cards per card region 8192
 CPUs: 4 total, 4 available
 Memory: 18308M
 Large Page Support: Disabled
 NUMA Support: Disabled
 Compressed Oops: Enabled (Zero based)
 Heap Region Size: 4M
 Heap Min Capacity: 8M
 Heap Initial Capacity: 288M
 Heap Max Capacity: 4580M
 Pre-touch: Disabled
 Parallel Workers: 4
 Concurrent Workers: 1
 Concurrent Refinement Workers: 4
 Periodic GC: Disabled

Heap:
 garbage-first heap   total reserved 4689920K, committed 299008K, used 17520K [0x00000006e1c00000, 0x0000000800000000)
  region size 4096K, 5 young (20480K), 0 survivors (0K)
 Metaspace       used 3441K, committed 3648K, reserved 1114112K
  class space    used 302K, committed 384K, reserved 1048576K

Heap Regions: E=young(eden), S=young(survivor), O=old, HS=humongous(starts), HC=humongous(continues), CS=collection set, F=free, TAMS=top-at-mark-start, PB=parsable bottom
|   0|0x00000006e1c00000, 0x00000006e1c00000, 0x00000006e2000000|  0%| F|  |TAMS 0x00000006e1c00000| PB 0x00000006e1c00000| Untracked |  0
|   1|0x00000006e2000000, 0x00000006e2000000, 0x00000006e2400000|  0%| F|  |TAMS 0x00000006e2000000| PB 0x00000006e2000000| Untracked |  0
|   2|0x00000006e2400000, 0x00000006e2400000, 0x00000006e2800000|  0%| F|  |TAMS 0x00000006e2400000| PB 0x00000006e2400000| Untracked |  0
|   3|0x00000006e2800000, 0x00000006e2800000, 0x00000006e2c00000|  0%| F|  |TAMS 0x00000006e2800000| PB 0x00000006e2800000| Untracked |  0
|   4|0x00000006e2c00000, 0x00000006e2c00000, 0x00000006e3000000|  0%| F|  |TAMS 0x00000006e2c00000| PB 0x00000006e2c00000| Untracked |  0
|   5|0x00000006e3000000, 0x00000006e3000000, 0x00000006e3400000|  0%| F|  |TAMS 0x00000006e3000000| PB 0x00000006e3000000| Untracked |  0
|   6|0x00000006e3400000, 0x00000006e3400000, 0x00000006e3800000|  0%| F|  |TAMS 0x00000006e3400000| PB 0x00000006e3400000| Untracked |  0
|   7|0x00000006e3800000, 0x00000006e3800000, 0x00000006e3c00000|  0%| F|  |TAMS 0x00000006e3800000| PB 0x00000006e3800000| Untracked |  0
|   8|0x00000006e3c00000, 0x00000006e3c00000, 0x00000006e4000000|  0%| F|  |TAMS 0x00000006e3c00000| PB 0x00000006e3c00000| Untracked |  0
|   9|0x00000006e4000000, 0x00000006e4000000, 0x00000006e4400000|  0%| F|  |TAMS 0x00000006e4000000| PB 0x00000006e4000000| Untracked |  0
|  10|0x00000006e4400000, 0x00000006e4400000, 0x00000006e4800000|  0%| F|  |TAMS 0x00000006e4400000| PB 0x00000006e4400000| Untracked |  0
|  11|0x00000006e4800000, 0x00000006e4800000, 0x00000006e4c00000|  0%| F|  |TAMS 0x00000006e4800000| PB 0x00000006e4800000| Untracked |  0
|  12|0x00000006e4c00000, 0x00000006e4c00000, 0x00000006e5000000|  0%| F|  |TAMS 0x00000006e4c00000| PB 0x00000006e4c00000| Untracked |  0
|  13|0x00000006e5000000, 0x00000006e5000000, 0x00000006e5400000|  0%| F|  |TAMS 0x00000006e5000000| PB 0x00000006e5000000| Untracked |  0
|  14|0x00000006e5400000, 0x00000006e5400000, 0x00000006e5800000|  0%| F|  |TAMS 0x00000006e5400000| PB 0x00000006e5400000| Untracked |  0
|  15|0x00000006e5800000, 0x00000006e5800000, 0x00000006e5c00000|  0%| F|  |TAMS 0x00000006e5800000| PB 0x00000006e5800000| Untracked |  0
|  16|0x00000006e5c00000, 0x00000006e5c00000, 0x00000006e6000000|  0%| F|  |TAMS 0x00000006e5c00000| PB 0x00000006e5c00000| Untracked |  0
|  17|0x00000006e6000000, 0x00000006e6000000, 0x00000006e6400000|  0%| F|  |TAMS 0x00000006e6000000| PB 0x00000006e6000000| Untracked |  0
|  18|0x00000006e6400000, 0x00000006e6400000, 0x00000006e6800000|  0%| F|  |TAMS 0x00000006e6400000| PB 0x00000006e6400000| Untracked |  0
|  19|0x00000006e6800000, 0x00000006e6800000, 0x00000006e6c00000|  0%| F|  |TAMS 0x00000006e6800000| PB 0x00000006e6800000| Untracked |  0
|  20|0x00000006e6c00000, 0x00000006e6c00000, 0x00000006e7000000|  0%| F|  |TAMS 0x00000006e6c00000| PB 0x00000006e6c00000| Untracked |  0
|  21|0x00000006e7000000, 0x00000006e7000000, 0x00000006e7400000|  0%| F|  |TAMS 0x00000006e7000000| PB 0x00000006e7000000| Untracked |  0
|  22|0x00000006e7400000, 0x00000006e7400000, 0x00000006e7800000|  0%| F|  |TAMS 0x00000006e7400000| PB 0x00000006e7400000| Untracked |  0
|  23|0x00000006e7800000, 0x00000006e7800000, 0x00000006e7c00000|  0%| F|  |TAMS 0x00000006e7800000| PB 0x00000006e7800000| Untracked |  0
|  24|0x00000006e7c00000, 0x00000006e7c00000, 0x00000006e8000000|  0%| F|  |TAMS 0x00000006e7c00000| PB 0x00000006e7c00000| Untracked |  0
|  25|0x00000006e8000000, 0x00000006e8000000, 0x00000006e8400000|  0%| F|  |TAMS 0x00000006e8000000| PB 0x00000006e8000000| Untracked |  0
|  26|0x00000006e8400000, 0x00000006e8400000, 0x00000006e8800000|  0%| F|  |TAMS 0x00000006e8400000| PB 0x00000006e8400000| Untracked |  0
|  27|0x00000006e8800000, 0x00000006e8800000, 0x00000006e8c00000|  0%| F|  |TAMS 0x00000006e8800000| PB 0x00000006e8800000| Untracked |  0
|  28|0x00000006e8c00000, 0x00000006e8c00000, 0x00000006e9000000|  0%| F|  |TAMS 0x00000006e8c00000| PB 0x00000006e8c00000| Untracked |  0
|  29|0x00000006e9000000, 0x00000006e9000000, 0x00000006e9400000|  0%| F|  |TAMS 0x00000006e9000000| PB 0x00000006e9000000| Untracked |  0
|  30|0x00000006e9400000, 0x00000006e9400000, 0x00000006e9800000|  0%| F|  |TAMS 0x00000006e9400000| PB 0x00000006e9400000| Untracked |  0
|  31|0x00000006e9800000, 0x00000006e9800000, 0x00000006e9c00000|  0%| F|  |TAMS 0x00000006e9800000| PB 0x00000006e9800000| Untracked |  0
|  32|0x00000006e9c00000, 0x00000006e9c00000, 0x00000006ea000000|  0%| F|  |TAMS 0x00000006e9c00000| PB 0x00000006e9c00000| Untracked |  0
|  33|0x00000006ea000000, 0x00000006ea000000, 0x00000006ea400000|  0%| F|  |TAMS 0x00000006ea000000| PB 0x00000006ea000000| Untracked |  0
|  34|0x00000006ea400000, 0x00000006ea400000, 0x00000006ea800000|  0%| F|  |TAMS 0x00000006ea400000| PB 0x00000006ea400000| Untracked |  0
|  35|0x00000006ea800000, 0x00000006ea800000, 0x00000006eac00000|  0%| F|  |TAMS 0x00000006ea800000| PB 0x00000006ea800000| Untracked |  0
|  36|0x00000006eac00000, 0x00000006eac00000, 0x00000006eb000000|  0%| F|  |TAMS 0x00000006eac00000| PB 0x00000006eac00000| Untracked |  0
|  37|0x00000006eb000000, 0x00000006eb000000, 0x00000006eb400000|  0%| F|  |TAMS 0x00000006eb000000| PB 0x00000006eb000000| Untracked |  0
|  38|0x00000006eb400000, 0x00000006eb400000, 0x00000006eb800000|  0%| F|  |TAMS 0x00000006eb400000| PB 0x00000006eb400000| Untracked |  0
|  39|0x00000006eb800000, 0x00000006eb800000, 0x00000006ebc00000|  0%| F|  |TAMS 0x00000006eb800000| PB 0x00000006eb800000| Untracked |  0
|  40|0x00000006ebc00000, 0x00000006ebc00000, 0x00000006ec000000|  0%| F|  |TAMS 0x00000006ebc00000| PB 0x00000006ebc00000| Untracked |  0
|  41|0x00000006ec000000, 0x00000006ec000000, 0x00000006ec400000|  0%| F|  |TAMS 0x00000006ec000000| PB 0x00000006ec000000| Untracked |  0
|  42|0x00000006ec400000, 0x00000006ec400000, 0x00000006ec800000|  0%| F|  |TAMS 0x00000006ec400000| PB 0x00000006ec400000| Untracked |  0
|  43|0x00000006ec800000, 0x00000006ec800000, 0x00000006ecc00000|  0%| F|  |TAMS 0x00000006ec800000| PB 0x00000006ec800000| Untracked |  0
|  44|0x00000006ecc00000, 0x00000006ecc00000, 0x00000006ed000000|  0%| F|  |TAMS 0x00000006ecc00000| PB 0x00000006ecc00000| Untracked |  0
|  45|0x00000006ed000000, 0x00000006ed000000, 0x00000006ed400000|  0%| F|  |TAMS 0x00000006ed000000| PB 0x00000006ed000000| Untracked |  0
|  46|0x00000006ed400000, 0x00000006ed400000, 0x00000006ed800000|  0%| F|  |TAMS 0x00000006ed400000| PB 0x00000006ed400000| Untracked |  0
|  47|0x00000006ed800000, 0x00000006ed800000, 0x00000006edc00000|  0%| F|  |TAMS 0x00000006ed800000| PB 0x00000006ed800000| Untracked |  0
|  48|0x00000006edc00000, 0x00000006edc00000, 0x00000006ee000000|  0%| F|  |TAMS 0x00000006edc00000| PB 0x00000006edc00000| Untracked |  0
|  49|0x00000006ee000000, 0x00000006ee000000, 0x00000006ee400000|  0%| F|  |TAMS 0x00000006ee000000| PB 0x00000006ee000000| Untracked |  0
|  50|0x00000006ee400000, 0x00000006ee400000, 0x00000006ee800000|  0%| F|  |TAMS 0x00000006ee400000| PB 0x00000006ee400000| Untracked |  0
|  51|0x00000006ee800000, 0x00000006ee800000, 0x00000006eec00000|  0%| F|  |TAMS 0x00000006ee800000| PB 0x00000006ee800000| Untracked |  0
|  52|0x00000006eec00000, 0x00000006eec00000, 0x00000006ef000000|  0%| F|  |TAMS 0x00000006eec00000| PB 0x00000006eec00000| Untracked |  0
|  53|0x00000006ef000000, 0x00000006ef000000, 0x00000006ef400000|  0%| F|  |TAMS 0x00000006ef000000| PB 0x00000006ef000000| Untracked |  0
|  54|0x00000006ef400000, 0x00000006ef400000, 0x00000006ef800000|  0%| F|  |TAMS 0x00000006ef400000| PB 0x00000006ef400000| Untracked |  0
|  55|0x00000006ef800000, 0x00000006ef800000, 0x00000006efc00000|  0%| F|  |TAMS 0x00000006ef800000| PB 0x00000006ef800000| Untracked |  0
|  56|0x00000006efc00000, 0x00000006efc00000, 0x00000006f0000000|  0%| F|  |TAMS 0x00000006efc00000| PB 0x00000006efc00000| Untracked |  0
|  57|0x00000006f0000000, 0x00000006f0000000, 0x00000006f0400000|  0%| F|  |TAMS 0x00000006f0000000| PB 0x00000006f0000000| Untracked |  0
|  58|0x00000006f0400000, 0x00000006f0400000, 0x00000006f0800000|  0%| F|  |TAMS 0x00000006f0400000| PB 0x00000006f0400000| Untracked |  0
|  59|0x00000006f0800000, 0x00000006f0800000, 0x00000006f0c00000|  0%| F|  |TAMS 0x00000006f0800000| PB 0x00000006f0800000| Untracked |  0
|  60|0x00000006f0c00000, 0x00000006f0c00000, 0x00000006f1000000|  0%| F|  |TAMS 0x00000006f0c00000| PB 0x00000006f0c00000| Untracked |  0
|  61|0x00000006f1000000, 0x00000006f1000000, 0x00000006f1400000|  0%| F|  |TAMS 0x00000006f1000000| PB 0x00000006f1000000| Untracked |  0
|  62|0x00000006f1400000, 0x00000006f1400000, 0x00000006f1800000|  0%| F|  |TAMS 0x00000006f1400000| PB 0x00000006f1400000| Untracked |  0
|  63|0x00000006f1800000, 0x00000006f1800000, 0x00000006f1c00000|  0%| F|  |TAMS 0x00000006f1800000| PB 0x00000006f1800000| Untracked |  0
|  64|0x00000006f1c00000, 0x00000006f1c00000, 0x00000006f2000000|  0%| F|  |TAMS 0x00000006f1c00000| PB 0x00000006f1c00000| Untracked |  0
|  65|0x00000006f2000000, 0x00000006f2000000, 0x00000006f2400000|  0%| F|  |TAMS 0x00000006f2000000| PB 0x00000006f2000000| Untracked |  0
|  66|0x00000006f2400000, 0x00000006f2400000, 0x00000006f2800000|  0%| F|  |TAMS 0x00000006f2400000| PB 0x00000006f2400000| Untracked |  0
|  67|0x00000006f2800000, 0x00000006f288f5e0, 0x00000006f2c00000| 14%| E|  |TAMS 0x00000006f2800000| PB 0x00000006f2800000| Complete |  0
|  68|0x00000006f2c00000, 0x00000006f3000000, 0x00000006f3000000|100%| E|CS|TAMS 0x00000006f2c00000| PB 0x00000006f2c00000| Complete |  0
|  69|0x00000006f3000000, 0x00000006f3400000, 0x00000006f3400000|100%| E|CS|TAMS 0x00000006f3000000| PB 0x00000006f3000000| Complete |  0
|  70|0x00000006f3400000, 0x00000006f3800000, 0x00000006f3800000|100%| E|CS|TAMS 0x00000006f3400000| PB 0x00000006f3400000| Complete |  0
|  71|0x00000006f3800000, 0x00000006f3c00000, 0x00000006f3c00000|100%| E|CS|TAMS 0x00000006f3800000| PB 0x00000006f3800000| Complete |  0
|1144|0x00000007ffc00000, 0x00000007ffd1c348, 0x0000000800000000| 27%| O|  |TAMS 0x00000007ffc00000| PB 0x00000007ffc00000| Untracked |  0

Card table byte_map: [0x000002996bbd0000,0x000002996c4d0000] _byte_map_base: 0x00000299684c2000

Marking Bits: (CMBitMap*) 0x0000029952a007e0
 Bits: [0x000002996c4d0000, 0x0000029970c60000)

Polling page: 0x0000029950c30000

Metaspace:

Usage:
  Non-class:      3.07 MB used.
      Class:    302.17 KB used.
       Both:      3.36 MB used.

Virtual space:
  Non-class space:       64.00 MB reserved,       3.19 MB (  5%) committed,  1 nodes.
      Class space:        1.00 GB reserved,     384.00 KB ( <1%) committed,  1 nodes.
             Both:        1.06 GB reserved,       3.56 MB ( <1%) committed. 

Chunk freelists:
   Non-Class:  11.93 MB
       Class:  15.59 MB
        Both:  27.51 MB

MaxMetaspaceSize: unlimited
CompressedClassSpaceSize: 1.00 GB
Initial GC threshold: 21.00 MB
Current GC threshold: 21.00 MB
CDS: on
 - commit_granule_bytes: 65536.
 - commit_granule_words: 8192.
 - virtual_space_node_default_size: 8388608.
 - enlarge_chunks_in_place: 1.
UseCompressedClassPointers 1, UseCompactObjectHeaders 0
Narrow klass pointer bits 32, Max shift 3
Narrow klass base: 0x0000029900000000, Narrow klass shift: 0
Encoding Range: [0x0000029900000000 - 0x0000029a00000000), (4294967296 bytes)
Klass Range:    [0x0000029900000000 - 0x0000029941000000), (1090519040 bytes)
Klass ID Range:  [8 - 1090519033) (1090519025)


Internal statistics:

num_allocs_failed_limit: 0.
num_arena_births: 68.
num_arena_deaths: 0.
num_vsnodes_births: 2.
num_vsnodes_deaths: 0.
num_space_committed: 57.
num_space_uncommitted: 0.
num_chunks_returned_to_freelist: 0.
num_chunks_taken_from_freelist: 73.
num_chunk_merges: 0.
num_chunk_splits: 52.
num_chunks_enlarged: 33.
num_inconsistent_stats: 0.

CodeHeap 'non-profiled nmethods': size=120064Kb used=393Kb max_used=393Kb free=119670Kb
 bounds [0x0000029963950000, 0x0000029963bc0000, 0x000002996ae90000]
CodeHeap 'profiled nmethods': size=120000Kb used=1662Kb max_used=1662Kb free=118337Kb
 bounds [0x000002995be90000, 0x000002995c100000, 0x00000299633c0000]
CodeHeap 'non-nmethods': size=5696Kb used=1271Kb max_used=1337Kb free=4424Kb
 bounds [0x00000299633c0000, 0x0000029963630000, 0x0000029963950000]
CodeCache: size=245760Kb, used=3326Kb, max_used=3392Kb, free=242431Kb
 total_blobs=1647, nmethods=1206, adapters=347, full_count=0
Compilation: enabled, stopped_count=0, restarted_count=0

Compilation events (20 events):
Event: 0.799 Thread 0x000002994109b6a0 1201       3       java.lang.String::endsWith (15 bytes)
Event: 0.799 Thread 0x000002994109b6a0 nmethod 1201 0x000002995c02d088 code [0x000002995c02d1e0, 0x000002995c02d7a8]
Event: 0.799 Thread 0x000002994109b6a0 1203   !   3       jdk.jfr.internal.Control::setValue (102 bytes)
Event: 0.800 Thread 0x000002994109b6a0 nmethod 1203 0x000002995c02d808 code [0x000002995c02daa0, 0x000002995c02ef20]
Event: 0.800 Thread 0x0000029941bdca20 nmethod 1150 0x00000299639ab408 code [0x00000299639ab660, 0x00000299639ac5a8]
Event: 0.800 Thread 0x000002994109b6a0 1202       3       java.lang.StringLatin1::getChar (9 bytes)
Event: 0.801 Thread 0x0000029941bdca20 1171       4       java.util.LinkedHashMap::get (29 bytes)
Event: 0.801 Thread 0x000002994109b6a0 nmethod 1202 0x000002995c02f008 code [0x000002995c02f120, 0x000002995c02f240]
Event: 0.803 Thread 0x000002994109b6a0 1204       1       jdk.jfr.internal.periodic.EventTask::getEventType (5 bytes)
Event: 0.803 Thread 0x000002994109b6a0 nmethod 1204 0x00000299639ac688 code [0x00000299639ac780, 0x00000299639ac848]
Event: 0.804 Thread 0x000002994109b6a0 1205       1       jdk.jfr.internal.periodic.PeriodicTask::getPeriod (5 bytes)
Event: 0.804 Thread 0x000002994109b6a0 nmethod 1205 0x00000299639ac988 code [0x00000299639aca80, 0x00000299639acb48]
Event: 0.804 Thread 0x000002994109b6a0 1206       3       java.util.Comparator$$Lambda/0x0000029901073810::compare (10 bytes)
Event: 0.804 Thread 0x000002994109b6a0 nmethod 1206 0x000002995c02f308 code [0x000002995c02f460, 0x000002995c02f8f0]
Event: 0.808 Thread 0x0000029941bdca20 nmethod 1171 0x00000299639acc88 code [0x00000299639acde0, 0x00000299639ad3e8]
Event: 0.808 Thread 0x0000029941bdca20 1161       4       java.io.DataOutputStream::incCount (20 bytes)
Event: 0.809 Thread 0x0000029941bdca20 nmethod 1161 0x00000299639ad488 code [0x00000299639ad580, 0x00000299639ad620]
Event: 0.809 Thread 0x0000029941bdca20 1164  s    4       java.io.DataOutputStream::write (14 bytes)
Event: 0.813 Thread 0x0000029941bdca20 nmethod 1164 0x00000299639ad788 code [0x00000299639ad8e0, 0x00000299639ae140]
Event: 0.835 Thread 0x00000299410935f0 nmethod 1165 0x00000299639ae188 code [0x00000299639ae4a0, 0x00000299639b2600]

GC Heap History (0 events):
No events

Dll operation events (9 events):
Event: 0.064 Loaded shared library C:\Users\Andrea\.jdks\openjdk-24\bin\java.dll
Event: 0.114 Loaded shared library C:\Users\Andrea\.jdks\openjdk-24\bin\jsvml.dll
Event: 0.188 Loaded shared library C:\Users\Andrea\.jdks\openjdk-24\bin\zip.dll
Event: 0.192 Loaded shared library C:\Users\Andrea\.jdks\openjdk-24\bin\instrument.dll
Event: 0.200 Loaded shared library C:\Users\Andrea\.jdks\openjdk-24\bin\net.dll
Event: 0.203 Loaded shared library C:\Users\Andrea\.jdks\openjdk-24\bin\nio.dll
Event: 0.210 Loaded shared library C:\Users\Andrea\.jdks\openjdk-24\bin\zip.dll
Event: 0.244 Loaded shared library C:\Users\Andrea\.jdks\openjdk-24\bin\extnet.dll
Event: 0.369 Loaded shared library C:\Users\Andrea\.jdks\openjdk-24\bin\jimage.dll

Deoptimization events (20 events):
Event: 0.749 Thread 0x0000029952eae6f0 Uncommon trap: trap_request=0xffffffd6 fr.pc=0x00000299639a069c relative=0x00000000000006bc
Event: 0.749 Thread 0x0000029952eae6f0 Uncommon trap: reason=array_check action=maybe_recompile pc=0x00000299639a069c method=jdk.internal.classfile.impl.SplitConstantPool.internalAdd(Ljava/lang/classfile/constantpool/PoolEntry;I)Ljava/lang/classfile/constantpool/PoolEntry; @ 46 c2
Event: 0.749 Thread 0x0000029952eae6f0 DEOPT PACKING pc=0x00000299639a069c sp=0x000000c423efd440
Event: 0.749 Thread 0x0000029952eae6f0 DEOPT UNPACKING pc=0x00000299634d1502 sp=0x000000c423efd3f0 mode 2
Event: 0.749 Thread 0x0000029952eae6f0 Uncommon trap: trap_request=0xffffffd6 fr.pc=0x00000299639a069c relative=0x00000000000006bc
Event: 0.749 Thread 0x0000029952eae6f0 Uncommon trap: reason=array_check action=maybe_recompile pc=0x00000299639a069c method=jdk.internal.classfile.impl.SplitConstantPool.internalAdd(Ljava/lang/classfile/constantpool/PoolEntry;I)Ljava/lang/classfile/constantpool/PoolEntry; @ 46 c2
Event: 0.749 Thread 0x0000029952eae6f0 DEOPT PACKING pc=0x00000299639a069c sp=0x000000c423efd3d0
Event: 0.749 Thread 0x0000029952eae6f0 DEOPT UNPACKING pc=0x00000299634d1502 sp=0x000000c423efd380 mode 2
Event: 0.768 Thread 0x0000029952eae6f0 Uncommon trap: trap_request=0xffffff4d fr.pc=0x000002996399b094 relative=0x00000000000000f4
Event: 0.769 Thread 0x0000029952eae6f0 Uncommon trap: reason=unstable_if action=reinterpret pc=0x000002996399b094 method=java.lang.Long.valueOf(J)Ljava/lang/Long; @ 9 c2
Event: 0.769 Thread 0x0000029952eae6f0 DEOPT PACKING pc=0x000002996399b094 sp=0x000000c423efe500
Event: 0.769 Thread 0x0000029952eae6f0 DEOPT UNPACKING pc=0x00000299634d1502 sp=0x000000c423efe498 mode 2
Event: 0.778 Thread 0x0000029952eae6f0 Uncommon trap: trap_request=0xffffff4d fr.pc=0x00000299639a72bc relative=0x000000000000021c
Event: 0.778 Thread 0x0000029952eae6f0 Uncommon trap: reason=unstable_if action=reinterpret pc=0x00000299639a72bc method=java.io.ByteArrayOutputStream.ensureCapacity(I)V @ 11 c2
Event: 0.778 Thread 0x0000029952eae6f0 DEOPT PACKING pc=0x00000299639a72bc sp=0x000000c423efe2d0
Event: 0.778 Thread 0x0000029952eae6f0 DEOPT UNPACKING pc=0x00000299634d1502 sp=0x000000c423efe218 mode 2
Event: 0.783 Thread 0x0000029952eae6f0 Uncommon trap: trap_request=0xffffff4d fr.pc=0x00000299639a74e8 relative=0x0000000000000068
Event: 0.783 Thread 0x0000029952eae6f0 Uncommon trap: reason=unstable_if action=reinterpret pc=0x00000299639a74e8 method=java.io.ByteArrayOutputStream.ensureCapacity(I)V @ 11 c2
Event: 0.783 Thread 0x0000029952eae6f0 DEOPT PACKING pc=0x00000299639a74e8 sp=0x000000c423efe1c0
Event: 0.783 Thread 0x0000029952eae6f0 DEOPT UNPACKING pc=0x00000299634d1502 sp=0x000000c423efe140 mode 2

Classes loaded (20 events):
Event: 0.755 Loading class jdk/jfr/internal/MetadataWriter
Event: 0.756 Loading class jdk/jfr/internal/MetadataWriter done
Event: 0.756 Loading class jdk/jfr/internal/MetadataDescriptor$Element
Event: 0.756 Loading class jdk/jfr/internal/MetadataDescriptor$Element done
Event: 0.757 Loading class jdk/jfr/internal/MetadataDescriptor$Attribute
Event: 0.757 Loading class jdk/jfr/internal/MetadataDescriptor$Attribute done
Event: 0.772 Loading class jdk/jfr/internal/consumer/StringParser$Encoding
Event: 0.772 Loading class jdk/jfr/internal/consumer/StringParser$Encoding done
Event: 0.788 Loading class jdk/jfr/internal/consumer/RepositoryFiles
Event: 0.788 Loading class jdk/jfr/internal/consumer/RepositoryFiles done
Event: 0.791 Loading class jdk/jfr/internal/SettingsManager$InternalSetting
Event: 0.791 Loading class jdk/jfr/internal/SettingsManager$InternalSetting done
Event: 0.794 Loading class jdk/jfr/internal/util/Rate
Event: 0.794 Loading class jdk/jfr/internal/util/Rate done
Event: 0.795 Loading class jdk/jfr/internal/util/TimespanUnit
Event: 0.795 Loading class jdk/jfr/internal/util/TimespanUnit done
Event: 0.795 Loading class jdk/jfr/internal/util/ValueParser
Event: 0.795 Loading class jdk/jfr/internal/util/ValueParser done
Event: 0.799 Loading class jdk/jfr/internal/periodic/PeriodicType
Event: 0.799 Loading class jdk/jfr/internal/periodic/PeriodicType done

Classes unloaded (0 events):
No events

Classes redefined (0 events):
No events

Internal exceptions (18 events):
Event: 0.211 Thread 0x0000029952eae6f0 Exception <a 'java/lang/NoSuchMethodError'{0x00000006f3aeb540}: 'void java.lang.invoke.DirectMethodHandle$Holder.invokeStatic(java.lang.Object, java.lang.Object, java.lang.Object)'> (0x00000006f3aeb540) 
thrown [s\open\src\hotspot\share\interpreter\linkResolver.cpp, line 805]
Event: 0.221 Thread 0x0000029952eae6f0 Exception <a 'java/lang/NoSuchMethodError'{0x00000006f3b20100}: 'java.lang.Object java.lang.invoke.Invokers$Holder.invokeExact_MT(java.lang.Object, java.lang.Object, java.lang.Object, java.lang.Object, java.lang.Object)'> (0x00000006f3b20100) 
thrown [s\open\src\hotspot\share\interpreter\linkResolver.cpp, line 805]
Event: 0.235 Thread 0x0000029952eae6f0 Exception <a 'java/lang/NoSuchMethodError'{0x00000006f3b311c0}: 'java.lang.Object java.lang.invoke.DirectMethodHandle$Holder.invokeStaticInit(java.lang.Object, java.lang.Object, java.lang.Object)'> (0x00000006f3b311c0) 
thrown [s\open\src\hotspot\share\interpreter\linkResolver.cpp, line 805]
Event: 0.241 Thread 0x0000029941339780 Exception <a 'java/lang/NoSuchMethodError'{0x00000006f3b65548}: 'java.lang.Object java.lang.invoke.DirectMethodHandle$Holder.invokeStaticInit(java.lang.Object)'> (0x00000006f3b65548) 
thrown [s\open\src\hotspot\share\interpreter\linkResolver.cpp, line 805]
Event: 0.247 Thread 0x0000029941339780 Exception <a 'java/lang/NoSuchMethodError'{0x00000006f3b70158}: 'void java.lang.invoke.DirectMethodHandle$Holder.invokeStatic(java.lang.Object, java.lang.Object)'> (0x00000006f3b70158) 
thrown [s\open\src\hotspot\share\interpreter\linkResolver.cpp, line 805]
Event: 0.412 Thread 0x0000029952eae6f0 Exception <a 'java/lang/NoSuchMethodError'{0x00000006f35b4378}: 'void java.lang.invoke.DirectMethodHandle$Holder.invokeStaticInit(java.lang.Object)'> (0x00000006f35b4378) 
thrown [s\open\src\hotspot\share\interpreter\linkResolver.cpp, line 805]
Event: 0.441 Thread 0x0000029952eae6f0 Exception <a 'java/lang/NoSuchMethodError'{0x00000006f3625770}: 'void java.lang.invoke.DirectMethodHandle$Holder.invokeSpecial(java.lang.Object, java.lang.Object, java.lang.Object)'> (0x00000006f3625770) 
thrown [s\open\src\hotspot\share\interpreter\linkResolver.cpp, line 805]
Event: 0.459 Thread 0x0000029952eae6f0 Exception <a 'java/lang/NoSuchMethodError'{0x00000006f368dde0}: 'java.lang.Object java.lang.invoke.DirectMethodHandle$Holder.newInvokeSpecial(java.lang.Object, java.lang.Object, java.lang.Object, java.lang.Object, java.lang.Object)'> (0x00000006f368dde0) 
thrown [s\open\src\hotspot\share\interpreter\linkResolver.cpp, line 805]
Event: 0.548 Thread 0x0000029952eae6f0 Exception <a 'java/lang/NoSuchMethodError'{0x00000006f3024dc0}: 'long java.lang.invoke.DirectMethodHandle$Holder.invokeVirtual(java.lang.Object, java.lang.Object)'> (0x00000006f3024dc0) 
thrown [s\open\src\hotspot\share\interpreter\linkResolver.cpp, line 805]
Event: 0.631 Thread 0x0000029952eae6f0 Exception <a 'java/lang/NoSuchMethodError'{0x00000006f327b5a0}: 'int java.lang.invoke.DirectMethodHandle$Holder.invokeSpecial(java.lang.Object, java.lang.Object, java.lang.Object)'> (0x00000006f327b5a0) 
thrown [s\open\src\hotspot\share\interpreter\linkResolver.cpp, line 805]
Event: 0.724 Thread 0x0000029952eae6f0 Exception <a 'java/lang/NoSuchMethodError'{0x00000006f2c411e0}: 'void java.lang.invoke.DirectMethodHandle$Holder.invokeSpecial(java.lang.Object, java.lang.Object, int)'> (0x00000006f2c411e0) 
thrown [s\open\src\hotspot\share\interpreter\linkResolver.cpp, line 805]
Event: 0.725 Thread 0x0000029952eae6f0 Exception <a 'java/lang/NoSuchMethodError'{0x00000006f2c48e00}: 'void java.lang.invoke.Invokers$Holder.invokeExact_MT(java.lang.Object, int, java.lang.Object)'> (0x00000006f2c48e00) 
thrown [s\open\src\hotspot\share\interpreter\linkResolver.cpp, line 805]
Event: 0.729 Thread 0x0000029952eae6f0 Exception <a 'java/lang/NoSuchMethodError'{0x00000006f2c63730}: 'void java.lang.invoke.DirectMethodHandle$Holder.invokeStatic(java.lang.Object, java.lang.Object, int)'> (0x00000006f2c63730) 
thrown [s\open\src\hotspot\share\interpreter\linkResolver.cpp, line 805]
Event: 0.730 Thread 0x0000029952eae6f0 Exception <a 'java/lang/NoSuchMethodError'{0x00000006f2c72820}: 'java.lang.Object java.lang.invoke.DirectMethodHandle$Holder.newInvokeSpecial(java.lang.Object, java.lang.Object, int)'> (0x00000006f2c72820) 
thrown [s\open\src\hotspot\share\interpreter\linkResolver.cpp, line 805]
Event: 0.734 Thread 0x0000029946d5cb00 Exception <a 'java/lang/NoSuchMethodError'{0x00000006f2c94910}: 'long java.lang.invoke.DirectMethodHandle$Holder.invokeSpecial(java.lang.Object, java.lang.Object)'> (0x00000006f2c94910) 
thrown [s\open\src\hotspot\share\interpreter\linkResolver.cpp, line 805]
Event: 0.740 Thread 0x0000029952eae6f0 Exception <a 'sun/nio/fs/WindowsException'{0x00000006f2d375b8}> (0x00000006f2d375b8) 
thrown [s\open\src\hotspot\share\prims\jni.cpp, line 518]
Event: 0.744 Thread 0x0000029952eae6f0 Exception <a 'sun/nio/fs/WindowsException'{0x00000006f2d444b8}> (0x00000006f2d444b8) 
thrown [s\open\src\hotspot\share\prims\jni.cpp, line 518]
Event: 0.750 Thread 0x0000029952eae6f0 Exception <a 'sun/nio/fs/WindowsException'{0x00000006f2d56340}> (0x00000006f2d56340) 
thrown [s\open\src\hotspot\share\prims\jni.cpp, line 518]

VM Operations (8 events):
Event: 0.160 Executing VM operation: HandshakeAllThreads (Deoptimize)
Event: 0.161 Executing VM operation: HandshakeAllThreads (Deoptimize) done
Event: 0.736 Executing VM operation: HandshakeAllThreads (Deoptimize)
Event: 0.736 Executing VM operation: HandshakeAllThreads (Deoptimize) done
Event: 0.737 Executing VM operation: HandshakeAllThreads (Deoptimize)
Event: 0.737 Executing VM operation: HandshakeAllThreads (Deoptimize) done
Event: 0.789 Executing VM operation: JFRSafepointClear
Event: 0.789 Executing VM operation: JFRSafepointClear done

Memory protections (0 events):
No events

Nmethod flushes (0 events):
No events

Events (14 events):
Event: 0.084 Thread 0x0000029952eae6f0 Thread added: 0x0000029952eae6f0
Event: 0.106 Thread 0x0000029952eae6f0 Thread added: 0x00000299410874e0
Event: 0.106 Thread 0x0000029952eae6f0 Thread added: 0x0000029941089120
Event: 0.111 Thread 0x0000029952eae6f0 Thread added: 0x000002994108c5e0
Event: 0.111 Thread 0x0000029952eae6f0 Thread added: 0x000002994108f120
Event: 0.111 Thread 0x0000029952eae6f0 Thread added: 0x000002994108fc50
Event: 0.111 Thread 0x0000029952eae6f0 Thread added: 0x0000029941092790
Event: 0.111 Thread 0x0000029952eae6f0 Thread added: 0x00000299410935f0
Event: 0.112 Thread 0x0000029952eae6f0 Thread added: 0x000002994109b6a0
Event: 0.150 Thread 0x0000029952eae6f0 Thread added: 0x000002994115c070
Event: 0.225 Thread 0x0000029952eae6f0 Thread added: 0x0000029941339780
Event: 0.407 Thread 0x0000029952eae6f0 Thread added: 0x000002994193d070
Event: 0.501 Thread 0x000002994109b6a0 Thread added: 0x0000029941bdca20
Event: 0.731 Thread 0x0000029952eae6f0 Thread added: 0x0000029946d5cb00


Dynamic libraries:
0x00007ff7f01a0000 - 0x00007ff7f01ae000 	C:\Users\Andrea\.jdks\openjdk-24\bin\java.exe
0x00007ffe4d760000 - 0x00007ffe4d9c5000 	C:\WINDOWS\SYSTEM32\ntdll.dll
0x00007ffe4ca60000 - 0x00007ffe4cb29000 	C:\WINDOWS\System32\KERNEL32.DLL
0x00007ffe4ac30000 - 0x00007ffe4b018000 	C:\WINDOWS\System32\KERNELBASE.dll
0x00007ffe4aa30000 - 0x00007ffe4ab7b000 	C:\WINDOWS\System32\ucrtbase.dll
0x00007ffe3f920000 - 0x00007ffe3f936000 	C:\Users\Andrea\.jdks\openjdk-24\bin\jli.dll
0x00007ffe4c6b0000 - 0x00007ffe4c87a000 	C:\WINDOWS\System32\USER32.dll
0x00007ffe4b390000 - 0x00007ffe4b3b7000 	C:\WINDOWS\System32\win32u.dll
0x00007ffe4b860000 - 0x00007ffe4b88b000 	C:\WINDOWS\System32\GDI32.dll
0x00007ffe4b3c0000 - 0x00007ffe4b4f7000 	C:\WINDOWS\System32\gdi32full.dll
0x00007ffe4ab80000 - 0x00007ffe4ac23000 	C:\WINDOWS\System32\msvcp_win.dll
0x00007ffe406d0000 - 0x00007ffe406eb000 	C:\Users\Andrea\.jdks\openjdk-24\bin\VCRUNTIME140.dll
0x00007ffe355c0000 - 0x00007ffe3585a000 	C:\WINDOWS\WinSxS\amd64_microsoft.windows.common-controls_6595b64144ccf1df_6.0.26100.4202_none_3e0698d4e335f517\COMCTL32.dll
0x00007ffe4ce50000 - 0x00007ffe4cef9000 	C:\WINDOWS\System32\msvcrt.dll
0x00007ffe4cb30000 - 0x00007ffe4cb60000 	C:\WINDOWS\System32\IMM32.DLL
0x00007ffe41f90000 - 0x00007ffe41f9c000 	C:\Users\Andrea\.jdks\openjdk-24\bin\vcruntime140_1.dll
0x00007ffe2e690000 - 0x00007ffe2e71e000 	C:\Users\Andrea\.jdks\openjdk-24\bin\msvcp140.dll
0x00007ffde6080000 - 0x00007ffde6e22000 	C:\Users\Andrea\.jdks\openjdk-24\bin\server\jvm.dll
0x00007ffe4cf00000 - 0x00007ffe4cfb3000 	C:\WINDOWS\System32\ADVAPI32.dll
0x00007ffe4b500000 - 0x00007ffe4b5a6000 	C:\WINDOWS\System32\sechost.dll
0x00007ffe4bfe0000 - 0x00007ffe4c0f5000 	C:\WINDOWS\System32\RPCRT4.dll
0x00007ffe4bf50000 - 0x00007ffe4bfc4000 	C:\WINDOWS\System32\WS2_32.dll
0x00007ffe4a700000 - 0x00007ffe4a75e000 	C:\WINDOWS\SYSTEM32\POWRPROF.dll
0x00007ffe3f020000 - 0x00007ffe3f055000 	C:\WINDOWS\SYSTEM32\WINMM.dll
0x00007ffe3f060000 - 0x00007ffe3f06b000 	C:\WINDOWS\SYSTEM32\VERSION.dll
0x00007ffe4a6e0000 - 0x00007ffe4a6f4000 	C:\WINDOWS\SYSTEM32\UMPDC.dll
0x00007ffe49670000 - 0x00007ffe4968b000 	C:\WINDOWS\SYSTEM32\kernel.appcore.dll
0x00007ffe41f70000 - 0x00007ffe41f7a000 	C:\Users\Andrea\.jdks\openjdk-24\bin\jimage.dll
0x00007ffe482d0000 - 0x00007ffe48511000 	C:\WINDOWS\SYSTEM32\DBGHELP.DLL
0x00007ffe4c100000 - 0x00007ffe4c485000 	C:\WINDOWS\System32\combase.dll
0x00007ffe4cd60000 - 0x00007ffe4ce41000 	C:\WINDOWS\System32\OLEAUT32.dll
0x00007ffe247a0000 - 0x00007ffe247d9000 	C:\WINDOWS\SYSTEM32\dbgcore.DLL
0x00007ffe4b170000 - 0x00007ffe4b209000 	C:\WINDOWS\System32\bcryptPrimitives.dll
0x00007ffe40600000 - 0x00007ffe4060f000 	C:\Users\Andrea\.jdks\openjdk-24\bin\instrument.dll
0x00007ffe3f640000 - 0x00007ffe3f65e000 	C:\Users\Andrea\.jdks\openjdk-24\bin\java.dll
0x00007ffe4c490000 - 0x00007ffe4c62e000 	C:\WINDOWS\System32\ole32.dll
0x00007ffe4cfc0000 - 0x00007ffe4d702000 	C:\WINDOWS\System32\SHELL32.dll
0x00007ffe4b210000 - 0x00007ffe4b384000 	C:\WINDOWS\System32\wintypes.dll
0x00007ffe05390000 - 0x00007ffe0559e000 	C:\Users\Andrea\AppData\Local\Temp\idea_libasyncProfiler_dll_temp_folder\libasyncProfiler.dll
0x00007ffe48550000 - 0x00007ffe48da8000 	C:\WINDOWS\SYSTEM32\windows.storage.dll
0x00007ffe4b750000 - 0x00007ffe4b841000 	C:\WINDOWS\System32\SHCORE.dll
0x00007ffe4c640000 - 0x00007ffe4c6aa000 	C:\WINDOWS\System32\shlwapi.dll
0x00007ffe4a7c0000 - 0x00007ffe4a7ef000 	C:\WINDOWS\SYSTEM32\profapi.dll
0x00007ffe10ca0000 - 0x00007ffe10d77000 	C:\Users\Andrea\.jdks\openjdk-24\bin\jsvml.dll
0x00007ffe3ee20000 - 0x00007ffe3ee37000 	C:\Users\Andrea\.jdks\openjdk-24\bin\zip.dll
0x00007ffe40170000 - 0x00007ffe40180000 	C:\Users\Andrea\.jdks\openjdk-24\bin\net.dll
0x00007ffe49be0000 - 0x00007ffe49c4a000 	C:\WINDOWS\system32\mswsock.dll
0x00007ffe3c8c0000 - 0x00007ffe3c8d6000 	C:\Users\Andrea\.jdks\openjdk-24\bin\nio.dll
0x00007ffe3f5e0000 - 0x00007ffe3f5e9000 	C:\Users\Andrea\.jdks\openjdk-24\bin\extnet.dll

dbghelp: loaded successfully - version: 4.0.5 - missing functions: none
symbol engine: initialized successfully - sym options: 0x614 - pdb path: .;C:\Users\Andrea\.jdks\openjdk-24\bin;C:\WINDOWS\SYSTEM32;C:\WINDOWS\WinSxS\amd64_microsoft.windows.common-controls_6595b64144ccf1df_6.0.26100.4202_none_3e0698d4e335f517;C:\Users\Andrea\.jdks\openjdk-24\bin\server;C:\Users\Andrea\AppData\Local\Temp\idea_libasyncProfiler_dll_temp_folder

VM Arguments:
jvm_args: -javaagent:C:\Program Files\JetBrains\IntelliJ IDEA 2024.3.5\lib\idea_rt.jar=60793 -agentpath:C:\Users\Andrea\AppData\Local\Temp\idea_libasyncProfiler_dll_temp_folder\libasyncProfiler.dll=start,jfr,event=wall,interval=10ms,jfrsync=profile,cstack=no,file=C:\Users\Andrea\IdeaSnapshots\Main_2025_07_06_190625.jfr,dbghelppath=C:\Users\Andrea\AppData\Local\Temp\idea_dbghelp_dll_temp_folder\dbghelp.dll,log=C:\Users\Andrea\AppData\Local\Temp\Main_2025_07_06_190625.jfr.log.txt,logLevel=DEBUG -Dfile.encoding=UTF-8 -Dsun.stdout.encoding=UTF-8 -Dsun.stderr.encoding=UTF-8 
java_command: ec.edu.ups.Main
java_class_path (initial): C:\Users\Andrea\IdeaProjects\CarritoDeCompras\target\classes
Launcher Type: SUN_STANDARD

[Global flags]
     intx CICompilerCount                          = 3                                         {product} {ergonomic}
     uint ConcGCThreads                            = 1                                         {product} {ergonomic}
     bool FlightRecorder                           = true                                      {product} {management}
     uint G1ConcRefinementThreads                  = 4                                         {product} {ergonomic}
   size_t G1HeapRegionSize                         = 4194304                                   {product} {ergonomic}
   size_t InitialHeapSize                          = 301989888                                 {product} {ergonomic}
   size_t MarkStackSize                            = 4194304                                   {product} {ergonomic}
   size_t MarkStackSizeMax                         = 536870912                                 {product} {ergonomic}
   size_t MaxHeapSize                              = 4802478080                                {product} {ergonomic}
   size_t MaxNewSize                               = 2881486848                                {product} {ergonomic}
   size_t MinHeapDeltaBytes                        = 4194304                                   {product} {ergonomic}
   size_t MinHeapSize                              = 8388608                                   {product} {ergonomic}
    uintx NonNMethodCodeHeapSize                   = 5832704                                {pd product} {ergonomic}
    uintx NonProfiledCodeHeapSize                  = 122945536                              {pd product} {ergonomic}
    uintx ProfiledCodeHeapSize                     = 122880000                              {pd product} {ergonomic}
    uintx ReservedCodeCacheSize                    = 251658240                              {pd product} {ergonomic}
     bool SegmentedCodeCache                       = true                                      {product} {ergonomic}
   size_t SoftMaxHeapSize                          = 4802478080                             {manageable} {ergonomic}
     bool UseCompressedOops                        = true                           {product lp64_product} {ergonomic}
     bool UseG1GC                                  = true                                      {product} {ergonomic}
     bool UseLargePagesIndividualAllocation        = false                                  {pd product} {ergonomic}

Logging:
Log output configuration:
 #0: stdout all=warning uptime,level,tags foldmultilines=false
 #1: stderr all=off uptime,level,tags foldmultilines=false

Environment Variables:
PATH=C:\Program Files\Common Files\Oracle\Java\javapath;C:\Program Files (x86)\Common Files\Oracle\Java\java8path;C:\Program Files (x86)\Common Files\Oracle\Java\javapath;C:\WINDOWS\system32;C:\WINDOWS;C:\WINDOWS\System32\Wbem;C:\WINDOWS\System32\WindowsPowerShell\v1.0\;C:\WINDOWS\System32\OpenSSH\;C:\Program Files\Git\cmd;C:\Users\Andrea\AppData\Local\Microsoft\WindowsApps;C:\Users\Andrea\AppData\Local\Programs\Microsoft VS Code\bin
USERNAME=Andrea
OS=Windows_NT
PROCESSOR_IDENTIFIER=AMD64 Family 23 Model 24 Stepping 1, AuthenticAMD
TMP=C:\Users\Andrea\AppData\Local\Temp
TEMP=C:\Users\Andrea\AppData\Local\Temp




Periodic native trim disabled

---------------  S Y S T E M  ---------------

OS:
 Windows 11 , 64 bit Build 26100 (10.0.26100.4202)
OS uptime: 12 days 23:58 hours

CPU: total 4 (initial active 4) (4 cores per cpu, 2 threads per core) family 23 model 24 stepping 1 microcode 0x8108109, cx8, cmov, fxsr, ht, mmx, 3dnowpref, sse, sse2, sse3, ssse3, sse4a, sse4.1, sse4.2, popcnt, lzcnt, tsc, tscinvbit, avx, avx2, aes, clmul, bmi1, bmi2, adx, sha, fma, vzeroupper, clflush, clflushopt, rdtscp, f16c
Processor Information for the first 4 processors :
  Max Mhz: 2600, Current Mhz: 2600, Mhz Limit: 2600

Memory: 4k page, system-wide physical 18308M (5433M free)
TotalPageFile size 27524M (AvailPageFile size 7032M)
current process WorkingSet (physical memory assigned to process): 74M, peak: 75M
current process commit charge ("private bytes"): 410M, peak: 414M

vm_info: OpenJDK 64-Bit Server VM (24+36-3646) for windows-amd64 JRE (24+36-3646), built on 2025-02-06T00:20:43Z with MS VC++ 17.6 (VS2022)

END.
